  3.5065694E-03
  6.6376319E-03
  8.5970331E-03
  1.0333189E-02
  1.0501676E-02
  1.0658015E-02
  1.0756643E-02
  1.4134120E-02
  2.3931840E-02
  3.4685478E-02
  3.4756571E-02
  3.8999997E-02
  4.3265022E-02
  4.3232515E-02
  4.5299750E-02
  4.4863291E-02
  4.4180930E-02
  4.4948991E-02
  4.3756783E-02
  4.2360768E-02
  4.2129055E-02
  0.1202367    
  0.1188390    
  0.1257273    
  0.1254768    
  0.1421607    
  0.1440637    
  0.1586891    
  0.1566304    
  0.1539945    
  0.1506203    
  0.1464753    
  0.1416081    
  0.1361152    
  0.1301171    
  0.1349604    
  0.1437186    
  0.1372473    
  0.1309735    
  0.1247564    
  0.1185322    
  0.1122869    
  0.1060375    
  9.9817760E-02
  9.3669206E-02
  8.8603005E-02
  8.7616965E-02
  9.8414101E-02
  0.1364879    
  0.1319158    
  0.1281819    
  0.1249039    
  0.1235566    
  0.1198048    
  0.1157572    
  0.1113811    
  0.1066957    
  0.1017510    
  9.6612602E-02
  9.1351926E-02
  8.6039275E-02
  8.0739781E-02
  7.5511351E-02
  7.0402324E-02
  6.5453038E-02
  6.0694922E-02
  5.6151442E-02
  5.1838916E-02
  4.7767460E-02
  4.3941878E-02
  4.0362582E-02
  3.7026413E-02
  3.3927377E-02
  3.1057307E-02
  2.8406437E-02
  2.5963884E-02
  2.3718052E-02
  2.1656970E-02
  1.9768551E-02
  1.8040827E-02
  1.6462088E-02
  1.5021028E-02
  1.3706830E-02
  1.2509222E-02
  1.1418523E-02
  1.0425657E-02
  9.5221670E-03
  8.7001985E-03
  7.9524918E-03
  7.2723576E-03
  6.6536493E-03
  6.0907369E-03
  5.5784732E-03
  5.1121637E-03
  4.6875342E-03
  4.3006972E-03
  3.9481251E-03
  3.6266181E-03
  3.3332768E-03
  3.0654774E-03
  2.8208457E-03
  2.5972356E-03
  2.3927062E-03
  2.2056599E-03
  3.0437190E-02
  4.5496326E-02
  4.5954857E-02
  4.6694189E-02
  4.7375843E-02
  4.7800448E-02
  4.7865584E-02
  4.7534630E-02
  4.6813965E-02
  0.1187735    
  0.1375388    
  0.1373451    
  0.1373986    
  0.1370816    
  0.1370649    
  0.1360806    
  0.1746446    
  0.1713100    
  0.1679537    
  0.1639312    
  0.2218143    
  0.2168450    
  0.2336079    
  0.2397764    
  0.2450233    
  0.3698170    
  0.3641301    
  0.3593221    
  0.3540209    
  0.3474667    
  0.4490984    
  0.4569605    
  0.4477192    
  0.4376547    
  0.4261544    
  0.4129949    
  0.3982073    
  0.3819763    
  0.3645707    
  0.3462954    
  0.4358025    
  0.4190840    
  0.4019746    
  0.4078901    
  0.3914421    
  0.3923115    
  0.3772895    
  0.3606373    
  0.3437368    
  0.3265658    
  0.3154850    
  0.5878893    
  0.5779583    
  0.5668189    
  0.6277539    
  0.6169288    
  0.6053775    
  0.5919315    
  0.5760754    
  0.5735724    
  0.6735758    
  0.8273526    
  0.8072436    
  0.7929268    
  0.7729850    
  0.7511543    
  0.7268937    
  0.7167709    
  0.7385395    
   1.111668    
   1.082870    
   1.058486    
   1.034436    
   1.008371    
   1.034658    
   1.430181    
   1.397356    
   1.367288    
   1.335807    
   1.300657    
   1.280017    
   1.235616    
   1.187162    
   1.138390    
   1.083659    
   1.028615    
  0.9755307    
  0.9175713    
  0.8600626    
   1.033496    
  0.9796932    
  0.9307209    
  0.8845025    
  0.8397933    
   1.024220    
   1.046718    
   1.008428    
   1.616101    
   1.619691    
   1.594564    
   1.570223    
   1.542174    
   1.829345    
   2.929214    
   3.006215    
   2.980789    
   3.290697    
   5.057468    
   5.522717    
   5.524989    
   5.495263    
   5.444402    
   5.364141    
   5.251883    
   5.190158    
   5.019719    
   4.827123    
   4.616482    
   4.392260    
   4.158873    
   3.920449    
   3.824113    
   3.907543    
   4.306650    
   4.092174    
   4.719057    
   4.628419    
   4.459748    
   4.304737    
   4.389804    
   4.221551    
   4.053389    
   3.877270    
   4.426887    
   4.256445    
   4.081045    
   3.906512    
   3.729914    
   3.643741    
   3.461965    
   3.279773    
   3.097622    
   2.916465    
   2.738718    
   2.579658    
   2.408706    
   2.243524    
   2.084774    
   2.327736    
   2.185503    
   2.056067    
   1.937235    
   1.922888    
   1.838765    
   2.120325    
   2.023516    
   1.934997    
   1.966497    
   1.895851    
   1.814591    
   1.865460    
   1.784010    
   1.703307    
   1.622288    
   1.540646    
   1.458540    
   2.191103    
   2.234238    
   2.169365    
   2.109877    
   2.049842    
   3.642211    
   3.582072    
   3.537897    
   3.741446    
   5.613255    
   6.913774    
   6.875329    
   6.909984    
   6.865291    
   6.779430    
   6.654934    
   6.491180    
   6.291081    
   6.059586    
   5.807993    
   5.797439    
   5.906933    
   5.617167    
   7.001498    
   6.939344    
   6.761600    
   6.519950    
   6.277528    
   6.027831    
   5.768436    
   5.499545    
   5.222929    
   4.941206    
   4.657333    
   4.374277    
   4.094805    
   3.821366    
   3.556028    
   3.300464    
   3.055960    
   2.823444    
   2.607265    
   2.400285    
   2.206364    
   2.025355    
   1.856969    
   1.815449    
   1.672177    
   1.602489    
   1.482558    
   1.372956    
   1.281882    
   1.188413    
   1.101624    
   1.020761    
  0.9452713    
  0.8747363    
  0.8713531    
  0.8221236    
  0.7659058    
  0.7139189    
  0.7089510    
  0.6938705    
  0.6688163    
  0.6628727    
  0.6852515    
  0.6689702    
  0.6377295    
  0.6139963    
  0.5895424    
  0.5609506    
  0.5497928    
  0.5216951    
  0.4948499    
  0.6028217    
  0.6078172    
  0.7363178    
  0.7147072    
  0.6953537    
  0.6761087    
  0.6557600    
  0.6337388    
  0.7561927    
  0.8428378    
  0.8353708    
  0.9536306    
   1.032710    
   1.295312    
   1.516109    
   1.817243    
   1.820256    
   1.905033    
   1.884581    
   1.857138    
   1.821052    
   1.791678    
   1.785677    
   1.766213    
   1.697413    
   1.628820    
   1.551952    
   1.472442    
   1.391304    
   1.309558    
   1.228157    
   1.147950    
   1.097885    
   1.022265    
  0.9683295    
  0.8995577    
  0.8344871    
  0.7729750    
  0.8144000    
  0.7852971    
  0.7415309    
  0.6997136    
  0.6874772    
  0.6483132    
  0.6132044    
  0.6117473    
  0.6484765    
  0.6171576    
  0.5868233    
  0.5577180    
  0.5292840    
  0.6285638    
   1.230729    
   1.889231    
   1.880194    
   1.881687    
   1.882326    
   1.875414    
   1.868465    
   1.901714    
   1.860158    
   1.808555    
   1.747768    
   1.679164    
   1.604341    
   1.524952    
   1.442587    
   1.358701    
   1.274579    
   1.191313    
   1.110003    
   1.030989    
  0.9550231    
  0.8825134    
  0.8139905    
  0.7491271    
  0.6882538    
  0.6313717    
  0.5784243    
  0.5293081    
  0.4838846    
  0.4419901    
  0.4034434    
  0.3680524    
  0.3356204    
  0.3059480    
  0.2788398    
  0.2541052    
  0.2315603    
  0.2110297    
  0.1923475    
  0.1764211    
  0.1609826    
  0.1469681    
  0.1342405    
  0.1226770    
  0.1121669    
  0.1026103    
  9.3917415E-02
  8.6007424E-02
  7.8805670E-02
  7.2246365E-02
  6.6269442E-02
  6.0820580E-02
  5.5850629E-02
  5.1315151E-02
  4.7173940E-02
  4.3390613E-02
  3.9932281E-02
  3.6769174E-02
  3.3874378E-02
  6.1628148E-02
  5.9363466E-02
  5.7694528E-02
  5.6288585E-02
  5.4934993E-02
  5.3509608E-02
  5.1948301E-02
  5.0227460E-02
  4.8349738E-02
  4.9974151E-02
  5.2108020E-02
  4.9991831E-02
  4.9853392E-02
  4.7949359E-02
  4.5833886E-02
  4.3695364E-02
  4.1530482E-02
  3.9346915E-02
  3.7159029E-02
  3.4982041E-02
  3.2833494E-02
  3.0729339E-02
  2.8683709E-02
  2.6708506E-02
  0.1038363    
  0.1103434    
  0.1103573    
  0.2554763    
  0.2562603    
  0.2849405    
  0.2869248    
  0.2879772    
  0.2873306    
  0.2846481    
  0.3493898    
  0.3430365    
  0.3358597    
  0.3274282    
  0.6596389    
  0.6503189    
  0.6917170    
  0.7854968    
  0.7787644    
  0.8006687    
   1.148472    
   1.135445    
   1.472313    
   1.458987    
   1.491488    
   1.473458    
   1.449038    
   1.417173    
   1.377767    
   1.331428    
   1.279160    
   1.306218    
   1.246187    
   1.318902    
   1.257449    
   1.197218    
   1.137355    
   1.077558    
   1.061467    
   1.240628    
   1.353247    
   1.343894    
   1.296833    
   1.251302    
   1.205137    
   1.157272    
   1.112887    
   1.061099    
   1.007867    
  0.9536729    
  0.8990717    
  0.8520755    
  0.9524262    
  0.9007764    
  0.8526860    
  0.8068345    
  0.7667330    
   1.168780    
   1.128924    
   1.095804    
   1.064877    
   1.033419    
   1.023195    
   1.305346    
   1.332887    
   1.298490    
   1.263793    
   1.226592    
   1.185890    
   1.164721    
   1.117037    
   1.103657    
   1.410000    
   1.358979    
   1.311955    
   1.265635    
   1.218192    
   1.168795    
   1.117272    
   1.063857    
   1.009018    
  0.9533346    
  0.8974166    
  0.8455423    
  0.8054599    
  0.7522739    
  0.7012228    
  0.6824870    
  0.6385588    
  0.6227232    
  0.5811640    
  0.5422506    
  0.5393972    
  0.7813691    
  0.7506003    
  0.7252228    
  0.8023145    
  0.7800620    
  0.7583547    
  0.7356521    
  0.7689078    
  0.7518419    
  0.7297181    
  0.7921660    
  0.7706497    
  0.7542377    
  0.7289150    
  0.6981120    
  0.6664405    
  0.6339482    
  0.6008407    
  0.5674051    
  0.5339593    
  0.5008172    
  0.4745467    
  0.4428783    
  0.4123487    
  0.3830607    
  0.3551010    
  0.3458471    
  0.6486917    
  0.6271066    
  0.6112720    
  0.5976683    
  0.5841074    
  0.5693389    
  0.6552125    
  0.6830306    
   1.568513    
   1.554303    
   1.553199    
   1.549690    
   1.543124    
   1.526237    
   1.499976    
   1.464353    
   1.420143    
   1.368558    
   1.311009    
   1.248956    
   1.210624    
   1.148960    
   1.085672    
   1.053506    
   1.052023    
  0.9890221    
  0.9289334    
   1.518673    
   2.016248    
   1.977542    
   1.949681    
   1.922898    
   1.891431    
   1.885423    
   1.845299    
   1.835985    
   1.773352    
   1.712207    
   1.637857    
   1.559557    
   1.509789    
   1.429073    
   1.347017    
   1.320107    
   1.612055    
   1.682109    
   1.614394    
   1.552167    
   1.491683    
   1.430828    
   1.369111    
   1.427296    
   1.493129    
   1.778932    
   1.958628    
   1.909808    
   1.905942    
   1.854380    
   1.799454    
   1.739602    
   1.708155    
   1.643866    
   1.570363    
   1.493975    
   1.415543    
   1.336001    
   1.256274    
   1.177225    
   1.109674    
   1.222451    
   1.150733    
   1.084495    
   1.022022    
  0.9622756    
  0.9046782    
  0.8489563    
  0.8436424    
  0.7918006    
  0.7425010    
  0.6953480    
  0.6501380    
  0.6067854    
  0.5652751    
  0.5277191    
  0.4899728    
  0.4557120    
  0.4505772    
  0.4197376    
  0.4074991    
  0.3801357    
  0.3965527    
  0.4096114    
  0.3902193    
  0.3705882    
  0.5564042    
  0.5396233    
  0.5523463    
  0.5434033    
  0.5304415    
  0.5163704    
  0.5144028    
  0.4985517    
  0.4824269    
  0.4624968    
  0.4444883    
  0.4225548    
  0.4255029    
  0.4139503    
  0.4560100    
  0.4580513    
  0.4380645    
  0.5956584    
  0.7637073    
  0.7490760    
  0.7930728    
  0.7811704    
  0.7679527    
  0.7520039    
  0.7327293    
  0.8603355    
  0.8388147    
  0.8471899    
  0.8602384    
  0.8318181    
  0.8019814    
  0.7703558    
  0.7419202    
  0.7967935    
  0.7628047    
  0.7319442    
  0.7135246    
  0.6840390    
  0.6947024    
  0.6601625    
  0.6263705    
  0.5930053    
  0.5599724    
  0.5346025    
  0.5061396    
  0.4748014    
  0.4443589    
  0.4162171    
  0.3878080    
  0.3677725    
  0.3417864    
  0.3171671    
  0.2938766    
  0.2718871    
  0.2511768    
  0.2317226    
  0.2134974    
  0.1964694    
  0.1806013    
  0.1703111    
  0.1981455    
  0.1857927    
  0.1848397    
  0.1937973    
  0.1849188    
  0.1767666    
  0.1689589    
  0.1612742    
  0.1565736    
  0.1488878    
  0.1412190    
  0.1335698    
  0.1259686    
  0.1184565    
  0.1110794    
  0.1038823    
  9.6906304E-02
  9.0186059E-02
  8.3966956E-02
  9.7910061E-02
  9.2209414E-02
  9.0740420E-02
  8.6027861E-02
  8.1612438E-02
  7.7378161E-02
  7.3259339E-02
  6.9224499E-02
  7.6425456E-02
  0.1361415    
  0.1328942    
  0.1306017    
  0.1285500    
  0.1292518    
  0.1265981    
  0.1234551    
  0.1197800    
  0.1155972    
  0.1109708    
  0.1059865    
  0.1007377    
  0.1013379    
  0.1012085    
