INFO       2020-08-14 23:26:23,705 | module : reader | line : 31 | method : _read | reading current config : {'package': {'name': 'napoleontoolbox', 'version': '2.5.0'}, 'providers': {'bitmex': {'type': 'REST', 'id': 'KEY_BITMEX', 'secret': 'SECRET_BITMEX'}, 'binance': {'type': 'REST', 'id': 'KEY_BINANCE', 'secret': 'SECRET_BINANCE'}, 'dropbox': {'id': 'KEY_DROPBOX', 'secret': 'SECRET_DROPBOX'}, 'cryptocompare': {'id': 'KEY_CRYPTOCOMPARE', 'secret': 'SECRET_CRYPTOCOMPARE'}, 'napoleon_service': {'type': 'REST', 'access_token_uri': 'http://35.180.48.54:9000/auth-service/oauth/token', 'secret': 'SECRET', 'user': 'USER', 'password': 'PASSWORD'}}}
INFO       2020-08-14 23:26:23,708 | module : parsertemplate | line : 183 | method : parse | current loader : {"profile": null, "isrunnable": false, "package": {"name": "napoleontoolbox", "version": "2.5.0"}, "model_parameters": {"start_date": null, "end_date": null, "underlyings": null}}
INFO       2020-08-14 23:26:37,741 | module : __init__ | line : 71 | method : wrapper | target value in config :  providers.napoleon_service.access_token_uri
INFO       2020-08-14 23:26:37,741 | module : __init__ | line : 71 | method : wrapper | target value in config :  providers.napoleon_service.access_token_uri
DEBUG      2020-08-14 23:26:37,746 | module : connectionpool | line : 225 | method : _new_conn | Starting new HTTP connection (1): 35.180.48.54:9000
DEBUG      2020-08-14 23:26:37,771 | module : connectionpool | line : 437 | method : _make_request | http://35.180.48.54:9000 "POST /auth-service/oauth/token HTTP/1.1" 401 None
INFO       2020-08-14 23:26:37,787 | module : __init__ | line : 71 | method : wrapper | target value in config :  providers.napoleon_service.access_token_uri
INFO       2020-08-14 23:26:57,104 | module : __init__ | line : 71 | method : wrapper | target value in config :  providers.napoleon_service.access_token_uri
INFO       2020-08-14 23:27:06,379 | module : __init__ | line : 71 | method : wrapper | target value in config :  providers.napoleon_service.access_token_uri
DEBUG      2020-08-14 23:27:06,383 | module : connectionpool | line : 225 | method : _new_conn | Starting new HTTP connection (1): 35.180.48.54:9000
DEBUG      2020-08-14 23:27:06,405 | module : connectionpool | line : 437 | method : _make_request | http://35.180.48.54:9000 "POST /auth-service/oauth/token HTTP/1.1" 401 None
INFO       2020-08-14 23:28:00,584 | module : __init__ | line : 71 | method : wrapper | target value in config :  providers.napoleon_service.access_token_uri
DEBUG      2020-08-14 23:28:00,585 | module : connectionpool | line : 225 | method : _new_conn | Starting new HTTP connection (1): 35.180.48.54:9000
DEBUG      2020-08-14 23:28:00,762 | module : connectionpool | line : 437 | method : _make_request | http://35.180.48.54:9000 "POST /auth-service/oauth/token HTTP/1.1" 401 None
INFO       2020-08-14 23:28:21,127 | module : reader | line : 31 | method : _read | reading current config : {'package': {'name': 'napoleontoolbox', 'version': '2.5.0'}, 'providers': {'bitmex': {'type': 'REST', 'id': 'KEY_BITMEX', 'secret': 'SECRET_BITMEX'}, 'binance': {'type': 'REST', 'id': 'KEY_BINANCE', 'secret': 'SECRET_BINANCE'}, 'dropbox': {'id': 'KEY_DROPBOX', 'secret': 'SECRET_DROPBOX'}, 'cryptocompare': {'id': 'KEY_CRYPTOCOMPARE', 'secret': 'SECRET_CRYPTOCOMPARE'}, 'napoleon_service': {'type': 'REST', 'access_token_uri': 'https://api.napbots.com/oauth/token', 'secret': 'SECRET', 'user': 'USER', 'password': 'PASSWORD'}}}
INFO       2020-08-14 23:28:21,130 | module : parsertemplate | line : 183 | method : parse | current loader : {"profile": null, "isrunnable": false, "package": {"name": "napoleontoolbox", "version": "2.5.0"}, "model_parameters": {"start_date": null, "end_date": null, "underlyings": null}}
INFO       2020-08-14 23:28:26,440 | module : __init__ | line : 71 | method : wrapper | target value in config :  providers.napoleon_service.access_token_uri
INFO       2020-08-14 23:28:26,440 | module : __init__ | line : 71 | method : wrapper | target value in config :  providers.napoleon_service.access_token_uri
DEBUG      2020-08-14 23:28:26,446 | module : connectionpool | line : 959 | method : _new_conn | Starting new HTTPS connection (1): api.napbots.com:443
DEBUG      2020-08-14 23:28:27,412 | module : connectionpool | line : 437 | method : _make_request | https://api.napbots.com:443 "POST /oauth/token HTTP/1.1" 200 None
INFO       2020-08-14 23:28:27,435 | module : __init__ | line : 71 | method : wrapper | target value in config :  providers.napoleon_service.access_token_uri
INFO       2020-08-14 23:28:37,692 | module : __init__ | line : 71 | method : wrapper | target value in config :  providers.napoleon_service.access_token_uri
INFO       2020-08-14 23:28:37,694 | module : __init__ | line : 71 | method : wrapper | target value in config :  providers.napoleon_service.access_token_uri
DEBUG      2020-08-14 23:28:37,697 | module : connectionpool | line : 959 | method : _new_conn | Starting new HTTPS connection (1): api.napbots.com:443
DEBUG      2020-08-14 23:28:38,244 | module : connectionpool | line : 437 | method : _make_request | https://api.napbots.com:443 "POST /oauth/token HTTP/1.1" 200 None
INFO       2020-08-14 23:28:38,262 | module : __init__ | line : 71 | method : wrapper | target value in config :  providers.napoleon_service.access_token_uri
INFO       2020-08-14 23:28:47,190 | module : __init__ | line : 71 | method : wrapper | target value in config :  providers.napoleon_service.access_token_uri
INFO       2020-08-14 23:28:47,191 | module : __init__ | line : 71 | method : wrapper | target value in config :  providers.napoleon_service.access_token_uri
DEBUG      2020-08-14 23:28:47,195 | module : connectionpool | line : 959 | method : _new_conn | Starting new HTTPS connection (1): api.napbots.com:443
DEBUG      2020-08-14 23:28:47,665 | module : connectionpool | line : 437 | method : _make_request | https://api.napbots.com:443 "POST /oauth/token HTTP/1.1" 200 None
INFO       2020-08-14 23:29:40,501 | module : reader | line : 31 | method : _read | reading current config : {'package': {'name': 'napoleontoolbox', 'version': '2.5.0'}, 'providers': {'bitmex': {'type': 'REST', 'id': 'KEY_BITMEX', 'secret': 'SECRET_BITMEX'}, 'binance': {'type': 'REST', 'id': 'KEY_BINANCE', 'secret': 'SECRET_BINANCE'}, 'dropbox': {'id': 'KEY_DROPBOX', 'secret': 'SECRET_DROPBOX'}, 'cryptocompare': {'id': 'KEY_CRYPTOCOMPARE', 'secret': 'SECRET_CRYPTOCOMPARE'}, 'napoleon_service': {'type': 'REST', 'access_token_uri': 'https://api.napbots.com/oauth/token', 'secret': 'SECRET', 'user': 'USER', 'password': 'PASSWORD'}}}
INFO       2020-08-14 23:29:40,501 | module : parsertemplate | line : 183 | method : parse | current loader : {"profile": null, "isrunnable": false, "package": {"name": "napoleontoolbox", "version": "2.5.0"}, "model_parameters": {"start_date": null, "end_date": null, "underlyings": null}}
INFO       2020-08-14 23:30:16,040 | module : reader | line : 31 | method : _read | reading current config : {'package': {'name': 'napoleontoolbox', 'version': '2.5.0'}, 'providers': {'bitmex': {'type': 'REST', 'id': 'KEY_BITMEX', 'secret': 'SECRET_BITMEX'}, 'binance': {'type': 'REST', 'id': 'KEY_BINANCE', 'secret': 'SECRET_BINANCE'}, 'dropbox': {'id': 'KEY_DROPBOX', 'secret': 'SECRET_DROPBOX'}, 'cryptocompare': {'id': 'KEY_CRYPTOCOMPARE', 'secret': 'SECRET_CRYPTOCOMPARE'}, 'napoleon_service': {'type': 'REST', 'access_token_uri': 'https://api.napbots.com/oauth/token', 'secret': 'SECRET', 'user': 'USER', 'password': 'PASSWORD'}}}
INFO       2020-08-14 23:30:16,041 | module : parsertemplate | line : 183 | method : parse | current loader : {"profile": null, "isrunnable": false, "package": {"name": "napoleontoolbox", "version": "2.5.0"}, "model_parameters": {"start_date": null, "end_date": null, "underlyings": null}}
INFO       2020-08-14 23:30:19,243 | module : __init__ | line : 71 | method : wrapper | target value in config :  providers.napoleon_service.access_token_uri
INFO       2020-08-14 23:30:19,243 | module : __init__ | line : 71 | method : wrapper | target value in config :  providers.napoleon_service.access_token_uri
DEBUG      2020-08-14 23:30:19,248 | module : connectionpool | line : 959 | method : _new_conn | Starting new HTTPS connection (1): api.napbots.com:443
DEBUG      2020-08-14 23:30:19,723 | module : connectionpool | line : 437 | method : _make_request | https://api.napbots.com:443 "POST /oauth/token HTTP/1.1" 200 None
INFO       2020-08-14 23:30:22,203 | module : __init__ | line : 71 | method : wrapper | target value in config :  providers.napoleon_service.access_token_uri
INFO       2020-08-14 23:32:23,371 | module : __init__ | line : 71 | method : wrapper | target value in config :  providers.napoleon_service.access_token_uri
INFO       2020-08-14 23:32:23,371 | module : __init__ | line : 71 | method : wrapper | target value in config :  providers.napoleon_service.access_token_uri
DEBUG      2020-08-14 23:32:23,373 | module : connectionpool | line : 959 | method : _new_conn | Starting new HTTPS connection (1): api.napbots.com:443
DEBUG      2020-08-14 23:32:24,038 | module : connectionpool | line : 437 | method : _make_request | https://api.napbots.com:443 "POST /oauth/token HTTP/1.1" 200 None
INFO       2020-08-14 23:35:34,196 | module : reader | line : 31 | method : _read | reading current config : {'package': {'name': 'napoleontoolbox', 'version': '2.5.0'}, 'providers': {'bitmex': {'type': 'REST', 'id': 'KEY_BITMEX', 'secret': 'SECRET_BITMEX'}, 'binance': {'type': 'REST', 'id': 'KEY_BINANCE', 'secret': 'SECRET_BINANCE'}, 'dropbox': {'id': 'KEY_DROPBOX', 'secret': 'SECRET_DROPBOX'}, 'cryptocompare': {'id': 'KEY_CRYPTOCOMPARE', 'secret': 'SECRET_CRYPTOCOMPARE'}, 'napoleon_service': {'type': 'REST', 'access_token_uri': 'https://api.napbots.com/oauth/token', 'secret': 'SECRET', 'user': 'USER', 'password': 'PASSWORD'}}}
INFO       2020-08-14 23:35:34,197 | module : parsertemplate | line : 183 | method : parse | current loader : {"profile": null, "isrunnable": false, "package": {"name": "napoleontoolbox", "version": "2.5.0"}, "model_parameters": {"start_date": null, "end_date": null, "underlyings": null}}
INFO       2020-08-14 23:35:35,832 | module : __init__ | line : 71 | method : wrapper | target value in config :  providers.napoleon_service.access_token_uri
INFO       2020-08-14 23:35:35,833 | module : __init__ | line : 71 | method : wrapper | target value in config :  providers.napoleon_service.access_token_uri
DEBUG      2020-08-14 23:35:35,851 | module : connectionpool | line : 959 | method : _new_conn | Starting new HTTPS connection (1): api.napbots.com:443
DEBUG      2020-08-14 23:35:36,555 | module : connectionpool | line : 437 | method : _make_request | https://api.napbots.com:443 "POST /oauth/token HTTP/1.1" 200 None
INFO       2020-08-14 23:36:19,805 | module : reader | line : 31 | method : _read | reading current config : {'package': {'name': 'napoleontoolbox', 'version': '2.5.0'}, 'providers': {'bitmex': {'type': 'REST', 'id': 'KEY_BITMEX', 'secret': 'SECRET_BITMEX'}, 'binance': {'type': 'REST', 'id': 'KEY_BINANCE', 'secret': 'SECRET_BINANCE'}, 'dropbox': {'id': 'KEY_DROPBOX', 'secret': 'SECRET_DROPBOX'}, 'cryptocompare': {'id': 'KEY_CRYPTOCOMPARE', 'secret': 'SECRET_CRYPTOCOMPARE'}, 'napoleon_service': {'type': 'REST', 'access_token_uri': 'https://api.napbots.com/oauth/token', 'secret': 'SECRET', 'user': 'USER', 'password': 'PASSWORD'}}}
INFO       2020-08-14 23:36:19,805 | module : parsertemplate | line : 183 | method : parse | current loader : {"profile": null, "isrunnable": false, "package": {"name": "napoleontoolbox", "version": "2.5.0"}, "model_parameters": {"start_date": null, "end_date": null, "underlyings": null}}
INFO       2020-08-14 23:36:21,162 | module : __init__ | line : 71 | method : wrapper | target value in config :  providers.napoleon_service.access_token_uri
INFO       2020-08-14 23:36:21,165 | module : __init__ | line : 71 | method : wrapper | target value in config :  providers.napoleon_service.access_token_uri
DEBUG      2020-08-14 23:36:21,176 | module : connectionpool | line : 959 | method : _new_conn | Starting new HTTPS connection (1): api.napbots.com:443
DEBUG      2020-08-14 23:36:21,817 | module : connectionpool | line : 437 | method : _make_request | https://api.napbots.com:443 "POST /oauth/token HTTP/1.1" 200 None
INFO       2020-08-14 23:36:55,467 | module : reader | line : 31 | method : _read | reading current config : {'package': {'name': 'napoleontoolbox', 'version': '2.5.0'}, 'providers': {'bitmex': {'type': 'REST', 'id': 'KEY_BITMEX', 'secret': 'SECRET_BITMEX'}, 'binance': {'type': 'REST', 'id': 'KEY_BINANCE', 'secret': 'SECRET_BINANCE'}, 'dropbox': {'id': 'KEY_DROPBOX', 'secret': 'SECRET_DROPBOX'}, 'cryptocompare': {'id': 'KEY_CRYPTOCOMPARE', 'secret': 'SECRET_CRYPTOCOMPARE'}, 'napoleon_service': {'type': 'REST', 'access_token_uri': 'https://api.napbots.com/oauth/token', 'secret': 'SECRET', 'user': 'USER', 'password': 'PASSWORD'}}}
INFO       2020-08-14 23:36:55,467 | module : parsertemplate | line : 183 | method : parse | current loader : {"profile": null, "isrunnable": false, "package": {"name": "napoleontoolbox", "version": "2.5.0"}, "model_parameters": {"start_date": null, "end_date": null, "underlyings": null}}
INFO       2020-08-14 23:36:58,506 | module : __init__ | line : 71 | method : wrapper | target value in config :  providers.napoleon_service.access_token_uri
INFO       2020-08-14 23:36:58,508 | module : __init__ | line : 71 | method : wrapper | target value in config :  providers.napoleon_service.access_token_uri
DEBUG      2020-08-14 23:36:58,526 | module : connectionpool | line : 959 | method : _new_conn | Starting new HTTPS connection (1): api.napbots.com:443
DEBUG      2020-08-14 23:36:59,092 | module : connectionpool | line : 437 | method : _make_request | https://api.napbots.com:443 "POST /oauth/token HTTP/1.1" 200 None
INFO       2020-08-14 23:37:11,570 | module : reader | line : 31 | method : _read | reading current config : {'package': {'name': 'napoleontoolbox', 'version': '2.5.0'}, 'providers': {'bitmex': {'type': 'REST', 'id': 'KEY_BITMEX', 'secret': 'SECRET_BITMEX'}, 'binance': {'type': 'REST', 'id': 'KEY_BINANCE', 'secret': 'SECRET_BINANCE'}, 'dropbox': {'id': 'KEY_DROPBOX', 'secret': 'SECRET_DROPBOX'}, 'cryptocompare': {'id': 'KEY_CRYPTOCOMPARE', 'secret': 'SECRET_CRYPTOCOMPARE'}, 'napoleon_service': {'type': 'REST', 'access_token_uri': 'https://api.napbots.com/oauth/token', 'secret': 'SECRET', 'user': 'USER', 'password': 'PASSWORD'}}}
INFO       2020-08-14 23:37:11,571 | module : parsertemplate | line : 183 | method : parse | current loader : {"profile": null, "isrunnable": false, "package": {"name": "napoleontoolbox", "version": "2.5.0"}, "model_parameters": {"start_date": null, "end_date": null, "underlyings": null}}
INFO       2020-08-14 23:37:11,572 | module : __init__ | line : 71 | method : wrapper | target value in config :  providers.napoleon_service.access_token_uri
INFO       2020-08-14 23:37:11,572 | module : __init__ | line : 71 | method : wrapper | target value in config :  providers.napoleon_service.access_token_uri
DEBUG      2020-08-14 23:37:11,578 | module : connectionpool | line : 959 | method : _new_conn | Starting new HTTPS connection (1): api.napbots.com:443
DEBUG      2020-08-14 23:37:12,301 | module : connectionpool | line : 437 | method : _make_request | https://api.napbots.com:443 "POST /oauth/token HTTP/1.1" 200 None
INFO       2020-08-14 23:39:26,071 | module : reader | line : 31 | method : _read | reading current config : {'package': {'name': 'napoleontoolbox', 'version': '2.5.0'}, 'providers': {'bitmex': {'type': 'REST', 'id': 'KEY_BITMEX', 'secret': 'SECRET_BITMEX'}, 'binance': {'type': 'REST', 'id': 'KEY_BINANCE', 'secret': 'SECRET_BINANCE'}, 'dropbox': {'id': 'KEY_DROPBOX', 'secret': 'SECRET_DROPBOX'}, 'cryptocompare': {'id': 'KEY_CRYPTOCOMPARE', 'secret': 'SECRET_CRYPTOCOMPARE'}, 'napoleon_service': {'type': 'REST', 'access_token_uri': 'https://api.napbots.com/oauth/token', 'secret': 'SECRET', 'user': 'USER', 'password': 'PASSWORD'}}}
INFO       2020-08-14 23:39:26,072 | module : parsertemplate | line : 183 | method : parse | current loader : {"profile": null, "isrunnable": false, "package": {"name": "napoleontoolbox", "version": "2.5.0"}, "model_parameters": {"start_date": null, "end_date": null, "underlyings": null}}
INFO       2020-08-14 23:39:26,073 | module : __init__ | line : 71 | method : wrapper | target value in config :  providers.napoleon_service.access_token_uri
INFO       2020-08-14 23:39:26,074 | module : __init__ | line : 71 | method : wrapper | target value in config :  providers.napoleon_service.access_token_uri
INFO       2020-08-14 23:39:47,841 | module : reader | line : 31 | method : _read | reading current config : {'package': {'name': 'napoleontoolbox', 'version': '2.5.0'}, 'providers': {'bitmex': {'type': 'REST', 'id': 'KEY_BITMEX', 'secret': 'SECRET_BITMEX'}, 'binance': {'type': 'REST', 'id': 'KEY_BINANCE', 'secret': 'SECRET_BINANCE'}, 'dropbox': {'id': 'KEY_DROPBOX', 'secret': 'SECRET_DROPBOX'}, 'cryptocompare': {'id': 'KEY_CRYPTOCOMPARE', 'secret': 'SECRET_CRYPTOCOMPARE'}, 'napoleon_service': {'type': 'REST', 'access_token_uri': 'https://api.napbots.com/oauth/token', 'secret': 'SECRET', 'user': 'USER', 'password': 'PASSWORD'}}}
INFO       2020-08-14 23:39:47,845 | module : parsertemplate | line : 183 | method : parse | current loader : {"profile": null, "isrunnable": false, "package": {"name": "napoleontoolbox", "version": "2.5.0"}, "model_parameters": {"start_date": null, "end_date": null, "underlyings": null}}
INFO       2020-08-14 23:39:47,845 | module : __init__ | line : 71 | method : wrapper | target value in config :  providers.napoleon_service.access_token_uri
INFO       2020-08-14 23:39:47,846 | module : __init__ | line : 71 | method : wrapper | target value in config :  providers.napoleon_service.access_token_uri
DEBUG      2020-08-14 23:39:47,851 | module : connectionpool | line : 959 | method : _new_conn | Starting new HTTPS connection (1): api.napbots.com:443
DEBUG      2020-08-14 23:39:48,463 | module : connectionpool | line : 437 | method : _make_request | https://api.napbots.com:443 "POST /oauth/token HTTP/1.1" 200 None
INFO       2020-08-15 18:13:22,583 | module : reader | line : 31 | method : _read | reading current config : {'package': {'name': 'napoleontoolbox', 'version': '2.5.0'}, 'providers': {'bitmex': {'type': 'REST', 'id': 'KEY_BITMEX', 'secret': 'SECRET_BITMEX'}, 'binance': {'type': 'REST', 'id': 'KEY_BINANCE', 'secret': 'SECRET_BINANCE'}, 'dropbox': {'id': 'KEY_DROPBOX', 'secret': 'SECRET_DROPBOX'}, 'cryptocompare': {'id': 'KEY_CRYPTOCOMPARE', 'secret': 'SECRET_CRYPTOCOMPARE'}, 'napoleon_service': {'type': 'REST', 'access_token_uri': 'https://api.napbots.com/oauth/token', 'secret': 'SECRET', 'user': 'USER', 'password': 'PASSWORD'}}}
INFO       2020-08-15 18:13:22,596 | module : parsertemplate | line : 183 | method : parse | current loader : {"profile": null, "isrunnable": false, "package": {"name": "napoleontoolbox", "version": "2.5.0"}, "model_parameters": {"start_date": null, "end_date": null, "underlyings": null}}
INFO       2020-08-15 18:13:22,596 | module : __init__ | line : 71 | method : wrapper | target value in config :  providers.napoleon_service.access_token_uri
INFO       2020-08-15 18:13:22,597 | module : __init__ | line : 71 | method : wrapper | target value in config :  providers.napoleon_service.access_token_uri
DEBUG      2020-08-15 18:13:22,601 | module : connectionpool | line : 959 | method : _new_conn | Starting new HTTPS connection (1): api.napbots.com:443
DEBUG      2020-08-15 18:13:23,114 | module : connectionpool | line : 437 | method : _make_request | https://api.napbots.com:443 "POST /oauth/token HTTP/1.1" 200 None
INFO       2020-08-15 18:13:26,363 | module : __init__ | line : 71 | method : wrapper | target value in config :  providers.napoleon_service.access_token_uri
INFO       2020-08-15 18:14:12,849 | module : __init__ | line : 71 | method : wrapper | target value in config :  providers.napoleon_service.access_token_uri
INFO       2020-08-15 20:15:45,957 | module : reader | line : 31 | method : _read | reading current config : {'package': {'name': 'napoleontoolbox', 'version': '2.5.0'}, 'providers': {'bitmex': {'type': 'REST', 'id': 'KEY_BITMEX', 'secret': 'SECRET_BITMEX'}, 'binance': {'type': 'REST', 'id': 'KEY_BINANCE', 'secret': 'SECRET_BINANCE'}, 'dropbox': {'id': 'KEY_DROPBOX', 'secret': 'SECRET_DROPBOX'}, 'cryptocompare': {'id': 'KEY_CRYPTOCOMPARE', 'secret': 'SECRET_CRYPTOCOMPARE'}, 'napoleon_service': {'type': 'REST', 'access_token_uri': 'https://api.napbots.com/oauth/token', 'secret': 'SECRET', 'user': 'USER', 'password': 'PASSWORD'}}}
INFO       2020-08-15 20:15:45,981 | module : parsertemplate | line : 183 | method : parse | current loader : {"profile": null, "isrunnable": false, "package": {"name": "napoleontoolbox", "version": "2.5.0"}, "model_parameters": {"start_date": null, "end_date": null, "underlyings": null}}
INFO       2020-08-15 20:15:45,982 | module : __init__ | line : 71 | method : wrapper | target value in config :  providers.napoleon_service.access_token_uri
INFO       2020-08-15 20:15:45,982 | module : __init__ | line : 71 | method : wrapper | target value in config :  providers.napoleon_service.access_token_uri
DEBUG      2020-08-15 20:15:45,986 | module : connectionpool | line : 959 | method : _new_conn | Starting new HTTPS connection (1): api.napbots.com:443
DEBUG      2020-08-15 20:15:46,531 | module : connectionpool | line : 437 | method : _make_request | https://api.napbots.com:443 "POST /oauth/token HTTP/1.1" 200 None
INFO       2020-08-15 20:17:00,166 | module : reader | line : 31 | method : _read | reading current config : {'package': {'name': 'napoleontoolbox', 'version': '2.5.0'}, 'providers': {'bitmex': {'type': 'REST', 'id': 'KEY_BITMEX', 'secret': 'SECRET_BITMEX'}, 'binance': {'type': 'REST', 'id': 'KEY_BINANCE', 'secret': 'SECRET_BINANCE'}, 'dropbox': {'id': 'KEY_DROPBOX', 'secret': 'SECRET_DROPBOX'}, 'cryptocompare': {'id': 'KEY_CRYPTOCOMPARE', 'secret': 'SECRET_CRYPTOCOMPARE'}, 'napoleon_service': {'type': 'REST', 'access_token_uri': 'https://api.napbots.com/oauth/token', 'secret': 'SECRET', 'user': 'USER', 'password': 'PASSWORD'}}}
INFO       2020-08-15 20:17:00,167 | module : parsertemplate | line : 183 | method : parse | current loader : {"profile": null, "isrunnable": false, "package": {"name": "napoleontoolbox", "version": "2.5.0"}, "model_parameters": {"start_date": null, "end_date": null, "underlyings": null}}
INFO       2020-08-15 20:17:00,168 | module : __init__ | line : 71 | method : wrapper | target value in config :  providers.napoleon_service.access_token_uri
INFO       2020-08-15 20:17:00,168 | module : __init__ | line : 71 | method : wrapper | target value in config :  providers.napoleon_service.access_token_uri
DEBUG      2020-08-15 20:17:00,173 | module : connectionpool | line : 959 | method : _new_conn | Starting new HTTPS connection (1): api.napbots.com:443
DEBUG      2020-08-15 20:17:00,583 | module : connectionpool | line : 437 | method : _make_request | https://api.napbots.com:443 "POST /oauth/token HTTP/1.1" 200 None
INFO       2020-08-15 20:17:40,320 | module : reader | line : 31 | method : _read | reading current config : {'package': {'name': 'napoleontoolbox', 'version': '2.5.0'}, 'providers': {'bitmex': {'type': 'REST', 'id': 'KEY_BITMEX', 'secret': 'SECRET_BITMEX'}, 'binance': {'type': 'REST', 'id': 'KEY_BINANCE', 'secret': 'SECRET_BINANCE'}, 'dropbox': {'id': 'KEY_DROPBOX', 'secret': 'SECRET_DROPBOX'}, 'cryptocompare': {'id': 'KEY_CRYPTOCOMPARE', 'secret': 'SECRET_CRYPTOCOMPARE'}, 'napoleon_service': {'type': 'REST', 'access_token_uri': 'https://api.napbots.com/oauth/token', 'secret': 'SECRET', 'user': 'USER', 'password': 'PASSWORD'}}}
INFO       2020-08-15 20:17:40,321 | module : parsertemplate | line : 183 | method : parse | current loader : {"profile": null, "isrunnable": false, "package": {"name": "napoleontoolbox", "version": "2.5.0"}, "model_parameters": {"start_date": null, "end_date": null, "underlyings": null}}
INFO       2020-08-15 20:17:40,322 | module : __init__ | line : 71 | method : wrapper | target value in config :  providers.napoleon_service.access_token_uri
INFO       2020-08-15 20:17:40,322 | module : __init__ | line : 71 | method : wrapper | target value in config :  providers.napoleon_service.access_token_uri
DEBUG      2020-08-15 20:17:40,326 | module : connectionpool | line : 959 | method : _new_conn | Starting new HTTPS connection (1): api.napbots.com:443
DEBUG      2020-08-15 20:17:40,713 | module : connectionpool | line : 437 | method : _make_request | https://api.napbots.com:443 "POST /oauth/token HTTP/1.1" 200 None
INFO       2020-08-15 20:26:45,973 | module : reader | line : 31 | method : _read | reading current config : {'package': {'name': 'napoleontoolbox', 'version': '2.5.0'}, 'providers': {'bitmex': {'type': 'REST', 'id': 'KEY_BITMEX', 'secret': 'SECRET_BITMEX'}, 'binance': {'type': 'REST', 'id': 'KEY_BINANCE', 'secret': 'SECRET_BINANCE'}, 'dropbox': {'id': 'KEY_DROPBOX', 'secret': 'SECRET_DROPBOX'}, 'cryptocompare': {'id': 'KEY_CRYPTOCOMPARE', 'secret': 'SECRET_CRYPTOCOMPARE'}, 'napoleon_service': {'type': 'REST', 'access_token_uri': 'https://api.napbots.com/oauth/token', 'secret': 'SECRET', 'user': 'USER', 'password': 'PASSWORD'}}}
INFO       2020-08-15 20:26:45,973 | module : parsertemplate | line : 183 | method : parse | current loader : {"profile": null, "isrunnable": false, "package": {"name": "napoleontoolbox", "version": "2.5.0"}, "model_parameters": {"start_date": null, "end_date": null, "underlyings": null}}
INFO       2020-08-15 20:29:09,242 | module : reader | line : 31 | method : _read | reading current config : {'package': {'name': 'napoleontoolbox', 'version': '2.5.0'}, 'providers': {'bitmex': {'type': 'REST', 'id': 'KEY_BITMEX', 'secret': 'SECRET_BITMEX'}, 'binance': {'type': 'REST', 'id': 'KEY_BINANCE', 'secret': 'SECRET_BINANCE'}, 'dropbox': {'id': 'KEY_DROPBOX', 'secret': 'SECRET_DROPBOX'}, 'cryptocompare': {'id': 'KEY_CRYPTOCOMPARE', 'secret': 'SECRET_CRYPTOCOMPARE'}, 'napoleon_service': {'type': 'REST', 'access_token_uri': 'https://api.napbots.com/oauth/token', 'secret': 'SECRET', 'user': 'USER', 'password': 'PASSWORD'}}}
INFO       2020-08-15 20:29:09,242 | module : parsertemplate | line : 183 | method : parse | current loader : {"profile": null, "isrunnable": false, "package": {"name": "napoleontoolbox", "version": "2.5.0"}, "model_parameters": {"start_date": null, "end_date": null, "underlyings": null}}
INFO       2020-08-15 20:29:11,834 | module : __init__ | line : 71 | method : wrapper | target value in config :  providers.napoleon_service.access_token_uri
INFO       2020-08-15 20:29:39,117 | module : __init__ | line : 71 | method : wrapper | target value in config :  providers.napoleon_service.access_token_uri
INFO       2020-08-15 20:29:54,363 | module : reader | line : 31 | method : _read | reading current config : {'package': {'name': 'napoleontoolbox', 'version': '2.5.0'}, 'providers': {'bitmex': {'type': 'REST', 'id': 'KEY_BITMEX', 'secret': 'SECRET_BITMEX'}, 'binance': {'type': 'REST', 'id': 'KEY_BINANCE', 'secret': 'SECRET_BINANCE'}, 'dropbox': {'id': 'KEY_DROPBOX', 'secret': 'SECRET_DROPBOX'}, 'cryptocompare': {'id': 'KEY_CRYPTOCOMPARE', 'secret': 'SECRET_CRYPTOCOMPARE'}, 'napoleon_service': {'type': 'REST', 'access_token_uri': 'https://api.napbots.com/oauth/token', 'secret': 'SECRET', 'user': 'USER', 'password': 'PASSWORD'}}}
INFO       2020-08-15 20:29:54,364 | module : parsertemplate | line : 183 | method : parse | current loader : {"profile": null, "isrunnable": false, "package": {"name": "napoleontoolbox", "version": "2.5.0"}, "model_parameters": {"start_date": null, "end_date": null, "underlyings": null}}
INFO       2020-08-15 20:30:06,057 | module : reader | line : 31 | method : _read | reading current config : {'package': {'name': 'napoleontoolbox', 'version': '2.5.0'}, 'providers': {'bitmex': {'type': 'REST', 'id': 'KEY_BITMEX', 'secret': 'SECRET_BITMEX'}, 'binance': {'type': 'REST', 'id': 'KEY_BINANCE', 'secret': 'SECRET_BINANCE'}, 'dropbox': {'id': 'KEY_DROPBOX', 'secret': 'SECRET_DROPBOX'}, 'cryptocompare': {'id': 'KEY_CRYPTOCOMPARE', 'secret': 'SECRET_CRYPTOCOMPARE'}, 'napoleon_service': {'type': 'REST', 'access_token_uri': 'https://api.napbots.com/oauth/token', 'secret': 'SECRET', 'user': 'USER', 'password': 'PASSWORD'}}}
INFO       2020-08-15 20:30:06,057 | module : parsertemplate | line : 183 | method : parse | current loader : {"profile": null, "isrunnable": false, "package": {"name": "napoleontoolbox", "version": "2.5.0"}, "model_parameters": {"start_date": null, "end_date": null, "underlyings": null}}
INFO       2020-08-15 20:30:15,636 | module : __init__ | line : 71 | method : wrapper | target value in config :  providers.napoleon_service.access_token_uri
INFO       2020-08-15 20:30:59,040 | module : __init__ | line : 71 | method : wrapper | target value in config :  providers.napoleon_service.access_token_uri
INFO       2020-08-15 20:35:49,591 | module : reader | line : 31 | method : _read | reading current config : {'package': {'name': 'napoleontoolbox', 'version': '2.5.0'}, 'providers': {'bitmex': {'type': 'REST', 'id': 'KEY_BITMEX', 'secret': 'SECRET_BITMEX'}, 'binance': {'type': 'REST', 'id': 'KEY_BINANCE', 'secret': 'SECRET_BINANCE'}, 'dropbox': {'id': 'KEY_DROPBOX', 'secret': 'SECRET_DROPBOX'}, 'cryptocompare': {'id': 'KEY_CRYPTOCOMPARE', 'secret': 'SECRET_CRYPTOCOMPARE'}, 'napoleon_service': {'type': 'REST', 'access_token_uri': 'https://api.napbots.com/oauth/token', 'secret': 'SECRET', 'user': 'USER', 'password': 'PASSWORD'}}}
INFO       2020-08-15 20:35:49,591 | module : parsertemplate | line : 183 | method : parse | current loader : {"profile": null, "isrunnable": false, "package": {"name": "napoleontoolbox", "version": "2.5.0"}, "model_parameters": {"start_date": null, "end_date": null, "underlyings": null}}
INFO       2020-08-15 20:35:49,592 | module : __init__ | line : 71 | method : wrapper | target value in config :  providers.napoleon_service.access_token_uri
INFO       2020-08-15 20:35:49,592 | module : __init__ | line : 71 | method : wrapper | target value in config :  providers.napoleon_service.access_token_uri
DEBUG      2020-08-15 20:35:49,596 | module : connectionpool | line : 959 | method : _new_conn | Starting new HTTPS connection (1): api.napbots.com:443
DEBUG      2020-08-15 20:35:50,197 | module : connectionpool | line : 437 | method : _make_request | https://api.napbots.com:443 "POST /oauth/token HTTP/1.1" 200 None
INFO       2020-08-15 20:36:45,007 | module : reader | line : 31 | method : _read | reading current config : {'package': {'name': 'napoleontoolbox', 'version': '2.5.0'}, 'providers': {'bitmex': {'type': 'REST', 'id': 'KEY_BITMEX', 'secret': 'SECRET_BITMEX'}, 'binance': {'type': 'REST', 'id': 'KEY_BINANCE', 'secret': 'SECRET_BINANCE'}, 'dropbox': {'id': 'KEY_DROPBOX', 'secret': 'SECRET_DROPBOX'}, 'cryptocompare': {'id': 'KEY_CRYPTOCOMPARE', 'secret': 'SECRET_CRYPTOCOMPARE'}, 'napoleon_service': {'type': 'REST', 'access_token_uri': 'https://api.napbots.com/oauth/token', 'secret': 'SECRET', 'user': 'USER', 'password': 'PASSWORD'}}}
INFO       2020-08-15 20:36:45,008 | module : parsertemplate | line : 183 | method : parse | current loader : {"profile": null, "isrunnable": false, "package": {"name": "napoleontoolbox", "version": "2.5.0"}, "model_parameters": {"start_date": null, "end_date": null, "underlyings": null}}
INFO       2020-08-15 20:36:45,009 | module : __init__ | line : 71 | method : wrapper | target value in config :  providers.napoleon_service.access_token_uri
INFO       2020-08-15 20:36:45,009 | module : __init__ | line : 71 | method : wrapper | target value in config :  providers.napoleon_service.access_token_uri
DEBUG      2020-08-15 20:36:45,013 | module : connectionpool | line : 959 | method : _new_conn | Starting new HTTPS connection (1): api.napbots.com:443
DEBUG      2020-08-15 20:36:45,499 | module : connectionpool | line : 437 | method : _make_request | https://api.napbots.com:443 "POST /oauth/token HTTP/1.1" 200 None
INFO       2020-08-15 20:37:39,002 | module : __init__ | line : 71 | method : wrapper | target value in config :  providers.napoleon_service.access_token_uri
INFO       2020-08-15 20:38:10,958 | module : __init__ | line : 71 | method : wrapper | target value in config :  providers.napoleon_service.access_token_uri
INFO       2020-08-15 20:38:55,320 | module : reader | line : 31 | method : _read | reading current config : {'package': {'name': 'napoleontoolbox', 'version': '2.5.0'}, 'providers': {'bitmex': {'type': 'REST', 'id': 'KEY_BITMEX', 'secret': 'SECRET_BITMEX'}, 'binance': {'type': 'REST', 'id': 'KEY_BINANCE', 'secret': 'SECRET_BINANCE'}, 'dropbox': {'id': 'KEY_DROPBOX', 'secret': 'SECRET_DROPBOX'}, 'cryptocompare': {'id': 'KEY_CRYPTOCOMPARE', 'secret': 'SECRET_CRYPTOCOMPARE'}, 'napoleon_service': {'type': 'REST', 'access_token_uri': 'https://api.napbots.com/oauth/token', 'secret': 'SECRET', 'user': 'USER', 'password': 'PASSWORD'}}}
INFO       2020-08-15 20:38:55,321 | module : parsertemplate | line : 183 | method : parse | current loader : {"profile": null, "isrunnable": false, "package": {"name": "napoleontoolbox", "version": "2.5.0"}, "model_parameters": {"start_date": null, "end_date": null, "underlyings": null}}
INFO       2020-08-15 20:38:55,321 | module : __init__ | line : 71 | method : wrapper | target value in config :  providers.napoleon_service.access_token_uri
INFO       2020-08-15 20:38:55,322 | module : __init__ | line : 71 | method : wrapper | target value in config :  providers.napoleon_service.access_token_uri
DEBUG      2020-08-15 20:38:55,326 | module : connectionpool | line : 959 | method : _new_conn | Starting new HTTPS connection (1): api.napbots.com:443
DEBUG      2020-08-15 20:38:55,846 | module : connectionpool | line : 437 | method : _make_request | https://api.napbots.com:443 "POST /oauth/token HTTP/1.1" 200 None
INFO       2020-08-15 20:40:44,871 | module : reader | line : 31 | method : _read | reading current config : {'package': {'name': 'napoleontoolbox', 'version': '2.5.0'}, 'providers': {'bitmex': {'type': 'REST', 'id': 'KEY_BITMEX', 'secret': 'SECRET_BITMEX'}, 'binance': {'type': 'REST', 'id': 'KEY_BINANCE', 'secret': 'SECRET_BINANCE'}, 'dropbox': {'id': 'KEY_DROPBOX', 'secret': 'SECRET_DROPBOX'}, 'cryptocompare': {'id': 'KEY_CRYPTOCOMPARE', 'secret': 'SECRET_CRYPTOCOMPARE'}, 'napoleon_service': {'type': 'REST', 'access_token_uri': 'https://api.napbots.com/oauth/token', 'secret': 'SECRET', 'user': 'USER', 'password': 'PASSWORD'}}}
INFO       2020-08-15 20:40:44,872 | module : parsertemplate | line : 183 | method : parse | current loader : {"profile": null, "isrunnable": false, "package": {"name": "napoleontoolbox", "version": "2.5.0"}, "model_parameters": {"start_date": null, "end_date": null, "underlyings": null}}
INFO       2020-08-15 20:40:44,872 | module : __init__ | line : 71 | method : wrapper | target value in config :  providers.napoleon_service.access_token_uri
INFO       2020-08-15 20:40:44,873 | module : __init__ | line : 71 | method : wrapper | target value in config :  providers.napoleon_service.access_token_uri
DEBUG      2020-08-15 20:40:44,876 | module : connectionpool | line : 959 | method : _new_conn | Starting new HTTPS connection (1): api.napbots.com:443
DEBUG      2020-08-15 20:40:45,428 | module : connectionpool | line : 437 | method : _make_request | https://api.napbots.com:443 "POST /oauth/token HTTP/1.1" 200 None
INFO       2020-08-15 20:41:24,616 | module : reader | line : 31 | method : _read | reading current config : {'package': {'name': 'napoleontoolbox', 'version': '2.5.0'}, 'providers': {'bitmex': {'type': 'REST', 'id': 'KEY_BITMEX', 'secret': 'SECRET_BITMEX'}, 'binance': {'type': 'REST', 'id': 'KEY_BINANCE', 'secret': 'SECRET_BINANCE'}, 'dropbox': {'id': 'KEY_DROPBOX', 'secret': 'SECRET_DROPBOX'}, 'cryptocompare': {'id': 'KEY_CRYPTOCOMPARE', 'secret': 'SECRET_CRYPTOCOMPARE'}, 'napoleon_service': {'type': 'REST', 'access_token_uri': 'https://api.napbots.com/oauth/token', 'secret': 'SECRET', 'user': 'USER', 'password': 'PASSWORD'}}}
INFO       2020-08-15 20:41:24,616 | module : parsertemplate | line : 183 | method : parse | current loader : {"profile": null, "isrunnable": false, "package": {"name": "napoleontoolbox", "version": "2.5.0"}, "model_parameters": {"start_date": null, "end_date": null, "underlyings": null}}
INFO       2020-08-15 20:41:24,617 | module : __init__ | line : 71 | method : wrapper | target value in config :  providers.napoleon_service.access_token_uri
INFO       2020-08-15 20:41:24,617 | module : __init__ | line : 71 | method : wrapper | target value in config :  providers.napoleon_service.access_token_uri
DEBUG      2020-08-15 20:41:24,621 | module : connectionpool | line : 959 | method : _new_conn | Starting new HTTPS connection (1): api.napbots.com:443
DEBUG      2020-08-15 20:41:25,230 | module : connectionpool | line : 437 | method : _make_request | https://api.napbots.com:443 "POST /oauth/token HTTP/1.1" 200 None
INFO       2020-08-15 20:47:55,451 | module : reader | line : 31 | method : _read | reading current config : {'package': {'name': 'napoleontoolbox', 'version': '2.5.0'}, 'providers': {'bitmex': {'type': 'REST', 'id': 'KEY_BITMEX', 'secret': 'SECRET_BITMEX'}, 'binance': {'type': 'REST', 'id': 'KEY_BINANCE', 'secret': 'SECRET_BINANCE'}, 'dropbox': {'id': 'KEY_DROPBOX', 'secret': 'SECRET_DROPBOX'}, 'cryptocompare': {'id': 'KEY_CRYPTOCOMPARE', 'secret': 'SECRET_CRYPTOCOMPARE'}, 'napoleon_service': {'type': 'REST', 'access_token_uri': 'https://api.napbots.com/oauth/token', 'secret': 'SECRET', 'user': 'USER', 'password': 'PASSWORD'}}}
INFO       2020-08-15 20:47:55,452 | module : parsertemplate | line : 183 | method : parse | current loader : {"profile": null, "isrunnable": false, "package": {"name": "napoleontoolbox", "version": "2.5.0"}, "model_parameters": {"start_date": null, "end_date": null, "underlyings": null}}
INFO       2020-08-15 20:47:58,708 | module : __init__ | line : 71 | method : wrapper | target value in config :  providers.napoleon_service.access_token_uri
INFO       2020-08-15 20:47:58,708 | module : __init__ | line : 71 | method : wrapper | target value in config :  providers.napoleon_service.access_token_uri
DEBUG      2020-08-15 20:47:58,712 | module : connectionpool | line : 959 | method : _new_conn | Starting new HTTPS connection (1): api.napbots.com:443
DEBUG      2020-08-15 20:47:59,210 | module : connectionpool | line : 437 | method : _make_request | https://api.napbots.com:443 "POST /oauth/token HTTP/1.1" 200 None
INFO       2020-08-15 20:48:54,356 | module : reader | line : 31 | method : _read | reading current config : {'package': {'name': 'napoleontoolbox', 'version': '2.5.0'}, 'providers': {'bitmex': {'type': 'REST', 'id': 'KEY_BITMEX', 'secret': 'SECRET_BITMEX'}, 'binance': {'type': 'REST', 'id': 'KEY_BINANCE', 'secret': 'SECRET_BINANCE'}, 'dropbox': {'id': 'KEY_DROPBOX', 'secret': 'SECRET_DROPBOX'}, 'cryptocompare': {'id': 'KEY_CRYPTOCOMPARE', 'secret': 'SECRET_CRYPTOCOMPARE'}, 'napoleon_service': {'type': 'REST', 'access_token_uri': 'https://api.napbots.com/oauth/token', 'secret': 'SECRET', 'user': 'USER', 'password': 'PASSWORD'}}}
INFO       2020-08-15 20:48:54,356 | module : parsertemplate | line : 183 | method : parse | current loader : {"profile": null, "isrunnable": false, "package": {"name": "napoleontoolbox", "version": "2.5.0"}, "model_parameters": {"start_date": null, "end_date": null, "underlyings": null}}
INFO       2020-08-15 20:48:55,078 | module : __init__ | line : 71 | method : wrapper | target value in config :  providers.napoleon_service.access_token_uri
INFO       2020-08-15 20:49:01,043 | module : __init__ | line : 71 | method : wrapper | target value in config :  providers.napoleon_service.access_token_uri
DEBUG      2020-08-15 20:49:01,045 | module : connectionpool | line : 959 | method : _new_conn | Starting new HTTPS connection (1): api.napbots.com:443
DEBUG      2020-08-15 20:49:01,488 | module : connectionpool | line : 437 | method : _make_request | https://api.napbots.com:443 "POST /oauth/token HTTP/1.1" 200 None
INFO       2020-08-15 20:49:10,683 | module : __init__ | line : 71 | method : wrapper | target value in config :  providers.napoleon_service.access_token_uri
DEBUG      2020-08-15 20:49:10,685 | module : connectionpool | line : 959 | method : _new_conn | Starting new HTTPS connection (1): api.napbots.com:443
DEBUG      2020-08-15 20:49:11,097 | module : connectionpool | line : 437 | method : _make_request | https://api.napbots.com:443 "POST /oauth/token HTTP/1.1" 200 None
INFO       2020-08-15 20:51:44,836 | module : __init__ | line : 71 | method : wrapper | target value in config :  providers.napoleon_service.access_token_uri
DEBUG      2020-08-15 20:51:44,841 | module : connectionpool | line : 959 | method : _new_conn | Starting new HTTPS connection (1): api.napbots.com:443
DEBUG      2020-08-15 20:51:45,229 | module : connectionpool | line : 437 | method : _make_request | https://api.napbots.com:443 "POST /oauth/token HTTP/1.1" 200 None
INFO       2020-08-15 20:51:49,417 | module : __init__ | line : 71 | method : wrapper | target value in config :  providers.napoleon_service.access_token_uri
INFO       2020-08-16 12:04:31,452 | module : reader | line : 31 | method : _read | reading current config : {'package': {'name': 'napoleontoolbox', 'version': '2.5.0'}, 'providers': {'bitmex': {'type': 'REST', 'id': 'KEY_BITMEX', 'secret': 'SECRET_BITMEX'}, 'binance': {'type': 'REST', 'id': 'KEY_BINANCE', 'secret': 'SECRET_BINANCE'}, 'dropbox': {'id': 'KEY_DROPBOX', 'secret': 'SECRET_DROPBOX'}, 'cryptocompare': {'id': 'KEY_CRYPTOCOMPARE', 'secret': 'SECRET_CRYPTOCOMPARE'}, 'napoleon_service': {'type': 'REST', 'access_token_uri': 'https://api.napbots.com/oauth/token', 'secret': 'SECRET', 'user': 'USER', 'password': 'PASSWORD'}}}
INFO       2020-08-16 12:04:31,465 | module : parsertemplate | line : 183 | method : parse | current loader : {"profile": null, "isrunnable": false, "package": {"name": "napoleontoolbox", "version": "2.5.0"}, "model_parameters": {"start_date": null, "end_date": null, "underlyings": null}}
INFO       2020-08-16 12:04:49,434 | module : reader | line : 31 | method : _read | reading current config : {'package': {'name': 'napoleontoolbox', 'version': '2.5.0'}, 'providers': {'bitmex': {'type': 'REST', 'id': 'KEY_BITMEX', 'secret': 'SECRET_BITMEX'}, 'binance': {'type': 'REST', 'id': 'KEY_BINANCE', 'secret': 'SECRET_BINANCE'}, 'dropbox': {'id': 'KEY_DROPBOX', 'secret': 'SECRET_DROPBOX'}, 'cryptocompare': {'id': 'KEY_CRYPTOCOMPARE', 'secret': 'SECRET_CRYPTOCOMPARE'}, 'napoleon_service': {'type': 'REST', 'access_token_uri': 'https://api.napbots.com/oauth/token', 'secret': 'SECRET', 'user': 'USER', 'password': 'PASSWORD'}}}
INFO       2020-08-16 12:04:49,435 | module : parsertemplate | line : 183 | method : parse | current loader : {"profile": null, "isrunnable": false, "package": {"name": "napoleontoolbox", "version": "2.5.0"}, "model_parameters": {"start_date": null, "end_date": null, "underlyings": null}}
INFO       2020-08-16 12:04:54,805 | module : __init__ | line : 71 | method : wrapper | target value in config :  providers.napoleon_service.id
ERROR      2020-08-16 12:04:54,806 | module : __init__ | line : 140 | method : __get_for_getters | missing napoleon_service in config
INFO       2020-08-16 12:04:54,806 | module : __init__ | line : 71 | method : wrapper | target value in config :  providers.napoleon_service.secret
INFO       2020-08-16 12:04:54,806 | module : __init__ | line : 71 | method : wrapper | target value in config :  providers.napoleon_service.user
INFO       2020-08-16 12:04:54,807 | module : __init__ | line : 71 | method : wrapper | target value in config :  providers.napoleon_service.password
INFO       2020-08-16 12:04:54,811 | module : __init__ | line : 71 | method : wrapper | target value in config :  providers.napoleon_service.access_token_uri
INFO       2020-08-16 12:04:54,847 | module : __init__ | line : 71 | method : wrapper | target value in config :  providers.napoleon_service.id
ERROR      2020-08-16 12:04:54,848 | module : __init__ | line : 140 | method : __get_for_getters | missing napoleon_service in config
INFO       2020-08-16 12:04:54,849 | module : __init__ | line : 71 | method : wrapper | target value in config :  providers.napoleon_service.secret
INFO       2020-08-16 12:04:54,850 | module : __init__ | line : 71 | method : wrapper | target value in config :  providers.napoleon_service.user
INFO       2020-08-16 12:04:54,850 | module : __init__ | line : 71 | method : wrapper | target value in config :  providers.napoleon_service.password
INFO       2020-08-16 12:04:59,382 | module : __init__ | line : 71 | method : wrapper | target value in config :  providers.napoleon_service.id
ERROR      2020-08-16 12:04:59,382 | module : __init__ | line : 140 | method : __get_for_getters | missing napoleon_service in config
INFO       2020-08-16 12:04:59,382 | module : __init__ | line : 71 | method : wrapper | target value in config :  providers.napoleon_service.secret
INFO       2020-08-16 12:04:59,383 | module : __init__ | line : 71 | method : wrapper | target value in config :  providers.napoleon_service.user
INFO       2020-08-16 12:04:59,383 | module : __init__ | line : 71 | method : wrapper | target value in config :  providers.napoleon_service.password
INFO       2020-08-16 12:06:11,611 | module : reader | line : 31 | method : _read | reading current config : {'package': {'name': 'napoleontoolbox', 'version': '2.5.0'}, 'providers': {'bitmex': {'type': 'REST', 'id': 'KEY_BITMEX', 'secret': 'SECRET_BITMEX'}, 'binance': {'type': 'REST', 'id': 'KEY_BINANCE', 'secret': 'SECRET_BINANCE'}, 'dropbox': {'id': 'KEY_DROPBOX', 'secret': 'SECRET_DROPBOX'}, 'cryptocompare': {'id': 'KEY_CRYPTOCOMPARE', 'secret': 'SECRET_CRYPTOCOMPARE'}, 'napoleon_service': {'type': 'REST', 'access_token_uri': 'https://api.napbots.com/oauth/token', 'id': 'ID', 'secret': 'SECRET', 'user': 'USER', 'password': 'PASSWORD'}}}
INFO       2020-08-16 12:06:11,612 | module : parsertemplate | line : 183 | method : parse | current loader : {"profile": null, "isrunnable": false, "package": {"name": "napoleontoolbox", "version": "2.5.0"}, "model_parameters": {"start_date": null, "end_date": null, "underlyings": null}}
INFO       2020-08-16 12:06:16,199 | module : __init__ | line : 71 | method : wrapper | target value in config :  providers.napoleon_service.id
INFO       2020-08-16 12:06:16,199 | module : __init__ | line : 71 | method : wrapper | target value in config :  providers.napoleon_service.secret
INFO       2020-08-16 12:06:16,200 | module : __init__ | line : 71 | method : wrapper | target value in config :  providers.napoleon_service.user
INFO       2020-08-16 12:06:16,201 | module : __init__ | line : 71 | method : wrapper | target value in config :  providers.napoleon_service.password
INFO       2020-08-16 12:06:16,202 | module : __init__ | line : 71 | method : wrapper | target value in config :  providers.napoleon_service.access_token_uri
INFO       2020-08-16 12:06:16,227 | module : __init__ | line : 71 | method : wrapper | target value in config :  providers.napoleon_service.id
INFO       2020-08-16 12:06:16,228 | module : __init__ | line : 71 | method : wrapper | target value in config :  providers.napoleon_service.secret
INFO       2020-08-16 12:06:16,229 | module : __init__ | line : 71 | method : wrapper | target value in config :  providers.napoleon_service.user
INFO       2020-08-16 12:06:16,229 | module : __init__ | line : 71 | method : wrapper | target value in config :  providers.napoleon_service.password
INFO       2020-08-16 12:06:20,849 | module : __init__ | line : 71 | method : wrapper | target value in config :  providers.napoleon_service.id
INFO       2020-08-16 12:06:20,850 | module : __init__ | line : 71 | method : wrapper | target value in config :  providers.napoleon_service.secret
INFO       2020-08-16 12:06:20,850 | module : __init__ | line : 71 | method : wrapper | target value in config :  providers.napoleon_service.user
INFO       2020-08-16 12:06:20,850 | module : __init__ | line : 71 | method : wrapper | target value in config :  providers.napoleon_service.password
INFO       2020-08-16 12:09:29,460 | module : reader | line : 31 | method : _read | reading current config : {'package': {'name': 'napoleontoolbox', 'version': '2.5.0'}, 'providers': {'bitmex': {'type': 'REST', 'id': 'KEY_BITMEX', 'secret': 'SECRET_BITMEX'}, 'binance': {'type': 'REST', 'id': 'KEY_BINANCE', 'secret': 'SECRET_BINANCE'}, 'dropbox': {'id': 'KEY_DROPBOX', 'secret': 'SECRET_DROPBOX'}, 'cryptocompare': {'id': 'KEY_CRYPTOCOMPARE', 'secret': 'SECRET_CRYPTOCOMPARE'}, 'napoleon_service': {'type': 'REST', 'access_token_uri': 'https://api.napbots.com/oauth/token', 'id': 'ID', 'secret': 'SECRET', 'user': 'USER', 'password': 'PASSWORD'}}}
INFO       2020-08-16 12:09:29,460 | module : parsertemplate | line : 183 | method : parse | current loader : {"profile": null, "isrunnable": false, "package": {"name": "napoleontoolbox", "version": "2.5.0"}, "model_parameters": {"start_date": null, "end_date": null, "underlyings": null}}
INFO       2020-08-16 12:09:33,669 | module : __init__ | line : 71 | method : wrapper | target value in config :  providers.napoleon_service.id
INFO       2020-08-16 12:09:33,670 | module : __init__ | line : 71 | method : wrapper | target value in config :  providers.napoleon_service.secret
INFO       2020-08-16 12:09:33,670 | module : __init__ | line : 71 | method : wrapper | target value in config :  providers.napoleon_service.user
INFO       2020-08-16 12:09:33,670 | module : __init__ | line : 71 | method : wrapper | target value in config :  providers.napoleon_service.password
INFO       2020-08-16 12:09:33,672 | module : __init__ | line : 71 | method : wrapper | target value in config :  providers.napoleon_service.access_token_uri
INFO       2020-08-16 12:09:33,686 | module : __init__ | line : 71 | method : wrapper | target value in config :  providers.napoleon_service.id
INFO       2020-08-16 12:09:33,687 | module : __init__ | line : 71 | method : wrapper | target value in config :  providers.napoleon_service.secret
INFO       2020-08-16 12:09:33,687 | module : __init__ | line : 71 | method : wrapper | target value in config :  providers.napoleon_service.user
INFO       2020-08-16 12:09:33,687 | module : __init__ | line : 71 | method : wrapper | target value in config :  providers.napoleon_service.password
INFO       2020-08-16 12:09:36,446 | module : __init__ | line : 71 | method : wrapper | target value in config :  providers.napoleon_service.id
INFO       2020-08-16 12:09:36,447 | module : __init__ | line : 71 | method : wrapper | target value in config :  providers.napoleon_service.secret
INFO       2020-08-16 12:09:36,447 | module : __init__ | line : 71 | method : wrapper | target value in config :  providers.napoleon_service.user
INFO       2020-08-16 12:09:36,449 | module : __init__ | line : 71 | method : wrapper | target value in config :  providers.napoleon_service.password
INFO       2020-08-16 12:10:51,729 | module : reader | line : 31 | method : _read | reading current config : {'package': {'name': 'napoleontoolbox', 'version': '2.5.0'}, 'providers': {'bitmex': {'type': 'REST', 'id': 'KEY_BITMEX', 'secret': 'SECRET_BITMEX'}, 'binance': {'type': 'REST', 'id': 'KEY_BINANCE', 'secret': 'SECRET_BINANCE'}, 'dropbox': {'id': 'KEY_DROPBOX', 'secret': 'SECRET_DROPBOX'}, 'cryptocompare': {'id': 'KEY_CRYPTOCOMPARE', 'secret': 'SECRET_CRYPTOCOMPARE'}, 'napoleon_service': {'type': 'REST', 'access_token_uri': 'https://api.napbots.com/oauth/token', 'id': 'ID', 'secret': 'SECRET', 'user': 'USER', 'password': 'PASSWORD'}}}
INFO       2020-08-16 12:10:51,729 | module : parsertemplate | line : 183 | method : parse | current loader : {"profile": null, "isrunnable": false, "package": {"name": "napoleontoolbox", "version": "2.5.0"}, "model_parameters": {"start_date": null, "end_date": null, "underlyings": null}}
INFO       2020-08-16 12:10:57,095 | module : __init__ | line : 71 | method : wrapper | target value in config :  providers.napoleon_service.id
INFO       2020-08-16 12:10:57,095 | module : __init__ | line : 71 | method : wrapper | target value in config :  providers.napoleon_service.secret
INFO       2020-08-16 12:10:57,098 | module : __init__ | line : 71 | method : wrapper | target value in config :  providers.napoleon_service.access_token_uri
INFO       2020-08-16 12:10:57,121 | module : __init__ | line : 71 | method : wrapper | target value in config :  providers.napoleon_service.id
INFO       2020-08-16 12:10:57,122 | module : __init__ | line : 71 | method : wrapper | target value in config :  providers.napoleon_service.secret
INFO       2020-08-16 12:10:59,708 | module : __init__ | line : 71 | method : wrapper | target value in config :  providers.napoleon_service.id
INFO       2020-08-16 12:10:59,709 | module : __init__ | line : 71 | method : wrapper | target value in config :  providers.napoleon_service.secret
INFO       2020-08-16 12:11:56,680 | module : reader | line : 31 | method : _read | reading current config : {'package': {'name': 'napoleontoolbox', 'version': '2.5.0'}, 'providers': {'bitmex': {'type': 'REST', 'id': 'KEY_BITMEX', 'secret': 'SECRET_BITMEX'}, 'binance': {'type': 'REST', 'id': 'KEY_BINANCE', 'secret': 'SECRET_BINANCE'}, 'dropbox': {'id': 'KEY_DROPBOX', 'secret': 'SECRET_DROPBOX'}, 'cryptocompare': {'id': 'KEY_CRYPTOCOMPARE', 'secret': 'SECRET_CRYPTOCOMPARE'}, 'napoleon_service': {'type': 'REST', 'access_token_uri': 'https://api.napbots.com/oauth/token', 'id': 'HougoDeLaVegaMissile', 'secret': 'SaTteliSaTioN', 'user': 'USER', 'password': 'PASSWORD'}}}
INFO       2020-08-16 12:11:56,680 | module : parsertemplate | line : 183 | method : parse | current loader : {"profile": null, "isrunnable": false, "package": {"name": "napoleontoolbox", "version": "2.5.0"}, "model_parameters": {"start_date": null, "end_date": null, "underlyings": null}}
INFO       2020-08-16 12:12:01,305 | module : __init__ | line : 71 | method : wrapper | target value in config :  providers.napoleon_service.id
INFO       2020-08-16 12:12:01,306 | module : __init__ | line : 71 | method : wrapper | target value in config :  providers.napoleon_service.secret
INFO       2020-08-16 12:12:01,308 | module : __init__ | line : 71 | method : wrapper | target value in config :  providers.napoleon_service.access_token_uri
INFO       2020-08-16 12:12:01,331 | module : __init__ | line : 71 | method : wrapper | target value in config :  providers.napoleon_service.id
INFO       2020-08-16 12:12:01,331 | module : __init__ | line : 71 | method : wrapper | target value in config :  providers.napoleon_service.secret
INFO       2020-08-16 12:12:03,122 | module : __init__ | line : 71 | method : wrapper | target value in config :  providers.napoleon_service.id
INFO       2020-08-16 12:12:03,122 | module : __init__ | line : 71 | method : wrapper | target value in config :  providers.napoleon_service.secret
INFO       2020-08-16 12:12:10,150 | module : __init__ | line : 71 | method : wrapper | target value in config :  providers.napoleon_service.access_token_uri
INFO       2020-08-16 12:12:10,152 | module : __init__ | line : 71 | method : wrapper | target value in config :  providers.napoleon_service.id
INFO       2020-08-16 12:12:10,152 | module : __init__ | line : 71 | method : wrapper | target value in config :  providers.napoleon_service.secret
INFO       2020-08-16 12:12:11,488 | module : __init__ | line : 71 | method : wrapper | target value in config :  providers.napoleon_service.access_token_uri
INFO       2020-08-16 12:12:11,490 | module : __init__ | line : 71 | method : wrapper | target value in config :  providers.napoleon_service.id
INFO       2020-08-16 12:12:11,490 | module : __init__ | line : 71 | method : wrapper | target value in config :  providers.napoleon_service.secret
INFO       2020-08-16 12:12:11,491 | module : __init__ | line : 71 | method : wrapper | target value in config :  providers.napoleon_service.id
INFO       2020-08-16 12:12:11,492 | module : __init__ | line : 71 | method : wrapper | target value in config :  providers.napoleon_service.secret
INFO       2020-08-16 12:12:12,188 | module : __init__ | line : 71 | method : wrapper | target value in config :  providers.napoleon_service.id
INFO       2020-08-16 12:12:12,188 | module : __init__ | line : 71 | method : wrapper | target value in config :  providers.napoleon_service.secret
INFO       2020-08-16 12:12:12,188 | module : __init__ | line : 71 | method : wrapper | target value in config :  providers.napoleon_service.id
INFO       2020-08-16 12:12:12,292 | module : __init__ | line : 71 | method : wrapper | target value in config :  providers.napoleon_service.secret
DEBUG      2020-08-16 12:12:12,300 | module : connectionpool | line : 959 | method : _new_conn | Starting new HTTPS connection (1): api.napbots.com:443
DEBUG      2020-08-16 12:12:13,008 | module : connectionpool | line : 437 | method : _make_request | https://api.napbots.com:443 "POST /oauth/token HTTP/1.1" 200 None
INFO       2020-08-16 12:12:19,540 | module : __init__ | line : 71 | method : wrapper | target value in config :  providers.napoleon_service.id
INFO       2020-08-16 12:12:19,541 | module : __init__ | line : 71 | method : wrapper | target value in config :  providers.napoleon_service.secret
INFO       2020-08-16 12:12:19,541 | module : __init__ | line : 71 | method : wrapper | target value in config :  providers.napoleon_service.access_token_uri
INFO       2020-08-16 12:12:19,560 | module : __init__ | line : 71 | method : wrapper | target value in config :  providers.napoleon_service.id
INFO       2020-08-16 12:12:19,560 | module : __init__ | line : 71 | method : wrapper | target value in config :  providers.napoleon_service.secret
INFO       2020-08-16 12:49:07,720 | module : reader | line : 31 | method : _read | reading current config : {'package': {'name': 'napoleontoolbox', 'version': '2.5.0'}, 'providers': {'bitmex': {'type': 'REST', 'id': 'KEY_BITMEX', 'secret': 'SECRET_BITMEX'}, 'binance': {'type': 'REST', 'id': 'KEY_BINANCE', 'secret': 'SECRET_BINANCE'}, 'dropbox': {'id': 'KEY_DROPBOX', 'secret': 'SECRET_DROPBOX'}, 'cryptocompare': {'id': 'KEY_CRYPTOCOMPARE', 'secret': 'SECRET_CRYPTOCOMPARE'}, 'napoleon_service': {'type': 'REST', 'access_token_uri': 'https://api.napbots.com/oauth/token', 'id': 'HougoDeLaVegaMissile', 'secret': 'SaTteliSaTioN', 'user': 'USER', 'password': 'PASSWORD'}}}
INFO       2020-08-16 12:49:07,720 | module : parsertemplate | line : 183 | method : parse | current loader : {"profile": null, "isrunnable": false, "package": {"name": "napoleontoolbox", "version": "2.5.0"}, "model_parameters": {"start_date": null, "end_date": null, "underlyings": null}}
INFO       2020-08-16 12:49:07,723 | module : __init__ | line : 71 | method : wrapper | target value in config :  providers.napoleon_service.access_token_uri
INFO       2020-08-16 12:49:07,724 | module : __init__ | line : 71 | method : wrapper | target value in config :  providers.napoleon_service.id
INFO       2020-08-16 12:49:07,724 | module : __init__ | line : 71 | method : wrapper | target value in config :  providers.napoleon_service.secret
INFO       2020-08-16 12:49:11,007 | module : __init__ | line : 71 | method : wrapper | target value in config :  providers.napoleon_service.access_token_uri
INFO       2020-08-16 12:49:11,008 | module : __init__ | line : 71 | method : wrapper | target value in config :  providers.napoleon_service.id
INFO       2020-08-16 12:49:11,009 | module : __init__ | line : 71 | method : wrapper | target value in config :  providers.napoleon_service.secret
INFO       2020-08-16 12:49:11,010 | module : __init__ | line : 71 | method : wrapper | target value in config :  providers.napoleon_service.id
INFO       2020-08-16 12:49:11,011 | module : __init__ | line : 71 | method : wrapper | target value in config :  providers.napoleon_service.secret
INFO       2020-08-16 12:49:11,011 | module : __init__ | line : 71 | method : wrapper | target value in config :  providers.napoleon_service.id
INFO       2020-08-16 12:49:11,012 | module : __init__ | line : 71 | method : wrapper | target value in config :  providers.napoleon_service.secret
INFO       2020-08-16 12:49:11,012 | module : __init__ | line : 71 | method : wrapper | target value in config :  providers.napoleon_service.id
INFO       2020-08-16 12:49:11,013 | module : __init__ | line : 71 | method : wrapper | target value in config :  providers.napoleon_service.secret
DEBUG      2020-08-16 12:49:11,025 | module : connectionpool | line : 959 | method : _new_conn | Starting new HTTPS connection (1): api.napbots.com:443
DEBUG      2020-08-16 12:49:12,156 | module : connectionpool | line : 437 | method : _make_request | https://api.napbots.com:443 "POST /oauth/token HTTP/1.1" 200 None
INFO       2020-08-16 12:49:17,153 | module : __init__ | line : 71 | method : wrapper | target value in config :  providers.napoleon_service.id
INFO       2020-08-16 12:49:17,153 | module : __init__ | line : 71 | method : wrapper | target value in config :  providers.napoleon_service.secret
INFO       2020-08-16 12:49:17,154 | module : __init__ | line : 71 | method : wrapper | target value in config :  providers.napoleon_service.access_token_uri
INFO       2020-08-16 12:49:17,178 | module : __init__ | line : 71 | method : wrapper | target value in config :  providers.napoleon_service.id
INFO       2020-08-16 12:49:17,179 | module : __init__ | line : 71 | method : wrapper | target value in config :  providers.napoleon_service.secret
INFO       2020-08-17 10:23:23,447 | module : reader | line : 31 | method : _read | reading current config : {'package': {'name': 'napoleontoolbox', 'version': '2.5.0'}, 'providers': {'bitmex': {'type': 'REST', 'id': 'KEY_BITMEX', 'secret': 'SECRET_BITMEX'}, 'binance': {'type': 'REST', 'id': 'KEY_BINANCE', 'secret': 'SECRET_BINANCE'}, 'dropbox': {'id': 'KEY_DROPBOX', 'secret': 'SECRET_DROPBOX'}, 'cryptocompare': {'id': 'KEY_CRYPTOCOMPARE', 'secret': 'SECRET_CRYPTOCOMPARE'}, 'napoleon_service': {'type': 'REST', 'access_token_uri': 'https://api.napbots.com/oauth/token', 'id': 'HougoDeLaVegaMissile', 'secret': 'SaTteliSaTioN', 'user': 'USER', 'password': 'PASSWORD'}}}
INFO       2020-08-17 10:23:23,456 | module : parsertemplate | line : 183 | method : parse | current loader : {"profile": null, "isrunnable": false, "package": {"name": "napoleontoolbox", "version": "2.5.0"}, "model_parameters": {"start_date": null, "end_date": null, "underlyings": null}}
INFO       2020-08-17 10:24:56,964 | module : reader | line : 31 | method : _read | reading current config : {'package': {'name': 'napoleontoolbox', 'version': '2.5.0'}, 'providers': {'bitmex': {'type': 'REST', 'id': 'KEY_BITMEX', 'secret': 'SECRET_BITMEX'}, 'binance': {'type': 'REST', 'id': 'KEY_BINANCE', 'secret': 'SECRET_BINANCE'}, 'dropbox': {'id': 'KEY_DROPBOX', 'secret': 'SECRET_DROPBOX'}, 'cryptocompare': {'id': 'KEY_CRYPTOCOMPARE', 'secret': 'SECRET_CRYPTOCOMPARE'}, 'napoleon_service': {'type': 'REST', 'access_token_uri': 'https://api.napbots.com/oauth/token', 'id': 'HougoDeLaVegaMissile', 'secret': 'SaTteliSaTioN', 'user': 'USER', 'password': 'PASSWORD'}}}
INFO       2020-08-17 10:24:56,965 | module : parsertemplate | line : 183 | method : parse | current loader : {"profile": null, "isrunnable": false, "package": {"name": "napoleontoolbox", "version": "2.5.0"}, "model_parameters": {"start_date": null, "end_date": null, "underlyings": null}}
INFO       2020-08-17 10:25:19,774 | module : reader | line : 31 | method : _read | reading current config : {'package': {'name': 'napoleontoolbox', 'version': '2.5.0'}, 'providers': {'bitmex': {'type': 'REST', 'id': 'KEY_BITMEX', 'secret': 'SECRET_BITMEX'}, 'binance': {'type': 'REST', 'id': 'KEY_BINANCE', 'secret': 'SECRET_BINANCE'}, 'dropbox': {'id': 'KEY_DROPBOX', 'secret': 'SECRET_DROPBOX'}, 'cryptocompare': {'id': 'KEY_CRYPTOCOMPARE', 'secret': 'SECRET_CRYPTOCOMPARE'}, 'napoleon_service': {'type': 'REST', 'access_token_uri': 'https://api.napbots.com/oauth/token', 'id': 'HougoDeLaVegaMissile', 'secret': 'SaTteliSaTioN', 'user': 'USER', 'password': 'PASSWORD'}}}
INFO       2020-08-17 10:25:19,775 | module : parsertemplate | line : 183 | method : parse | current loader : {"profile": null, "isrunnable": false, "package": {"name": "napoleontoolbox", "version": "2.5.0"}, "model_parameters": {"start_date": null, "end_date": null, "underlyings": null}}
INFO       2020-08-17 10:25:24,479 | module : __init__ | line : 71 | method : wrapper | target value in config :  providers.napoleon_service.id
INFO       2020-08-17 10:25:24,479 | module : __init__ | line : 71 | method : wrapper | target value in config :  providers.napoleon_service.secret
INFO       2020-08-17 10:25:24,480 | module : __init__ | line : 71 | method : wrapper | target value in config :  providers.napoleon_service.access_token_uri
INFO       2020-08-17 10:25:24,494 | module : __init__ | line : 71 | method : wrapper | target value in config :  providers.napoleon_service.id
INFO       2020-08-17 10:25:24,494 | module : __init__ | line : 71 | method : wrapper | target value in config :  providers.napoleon_service.secret
INFO       2020-08-17 10:26:49,438 | module : reader | line : 31 | method : _read | reading current config : {'package': {'name': 'napoleontoolbox', 'version': '2.5.0'}, 'providers': {'bitmex': {'type': 'REST', 'id': 'KEY_BITMEX', 'secret': 'SECRET_BITMEX'}, 'binance': {'type': 'REST', 'id': 'KEY_BINANCE', 'secret': 'SECRET_BINANCE'}, 'dropbox': {'id': 'KEY_DROPBOX', 'secret': 'SECRET_DROPBOX'}, 'cryptocompare': {'id': 'KEY_CRYPTOCOMPARE', 'secret': 'SECRET_CRYPTOCOMPARE'}, 'napoleon_service': {'type': 'REST', 'access_token_uri': 'https://api.napbots.com/oauth/token', 'id': 'HougoDeLaVegaMissile', 'secret': 'SaTteliSaTioN', 'user': 'USER', 'password': 'PASSWORD'}}}
INFO       2020-08-17 10:26:49,439 | module : parsertemplate | line : 183 | method : parse | current loader : {"profile": null, "isrunnable": false, "package": {"name": "napoleontoolbox", "version": "2.5.0"}, "model_parameters": {"start_date": null, "end_date": null, "underlyings": null}}
INFO       2020-08-17 10:26:56,185 | module : __init__ | line : 71 | method : wrapper | target value in config :  providers.napoleon_service.id
INFO       2020-08-17 10:26:56,185 | module : __init__ | line : 71 | method : wrapper | target value in config :  providers.napoleon_service.secret
INFO       2020-08-17 10:26:56,186 | module : __init__ | line : 71 | method : wrapper | target value in config :  providers.napoleon_service.access_token_uri
INFO       2020-08-17 10:26:56,198 | module : __init__ | line : 71 | method : wrapper | target value in config :  providers.napoleon_service.id
INFO       2020-08-17 10:26:56,199 | module : __init__ | line : 71 | method : wrapper | target value in config :  providers.napoleon_service.secret
INFO       2020-08-17 10:40:03,869 | module : reader | line : 31 | method : _read | reading current config : {'package': {'name': 'napoleontoolbox', 'version': '2.5.0'}, 'providers': {'bitmex': {'type': 'REST', 'id': 'KEY_BITMEX', 'secret': 'SECRET_BITMEX'}, 'binance': {'type': 'REST', 'id': 'KEY_BINANCE', 'secret': 'SECRET_BINANCE'}, 'dropbox': {'id': 'KEY_DROPBOX', 'secret': 'SECRET_DROPBOX'}, 'cryptocompare': {'id': 'KEY_CRYPTOCOMPARE', 'secret': 'SECRET_CRYPTOCOMPARE'}, 'napoleon_service': {'type': 'REST', 'access_token_uri': 'https://api.napbots.com/oauth/token', 'id': 'HougoDeLaVegaMissile', 'secret': 'SaTteliSaTioN', 'user': 'USER', 'password': 'PASSWORD'}}}
INFO       2020-08-17 10:40:03,870 | module : parsertemplate | line : 183 | method : parse | current loader : {"profile": null, "isrunnable": false, "package": {"name": "napoleontoolbox", "version": "2.5.0"}, "model_parameters": {"start_date": null, "end_date": null, "underlyings": null}}
INFO       2020-08-17 10:41:38,746 | module : reader | line : 31 | method : _read | reading current config : {'package': {'name': 'napoleontoolbox', 'version': '2.5.0'}, 'providers': {'bitmex': {'type': 'REST', 'id': 'KEY_BITMEX', 'secret': 'SECRET_BITMEX'}, 'binance': {'type': 'REST', 'id': 'KEY_BINANCE', 'secret': 'SECRET_BINANCE'}, 'dropbox': {'id': 'KEY_DROPBOX', 'secret': 'SECRET_DROPBOX'}, 'cryptocompare': {'id': 'KEY_CRYPTOCOMPARE', 'secret': 'SECRET_CRYPTOCOMPARE'}, 'napoleon_service': {'type': 'REST', 'access_token_uri': 'https://api.napbots.com/oauth/token', 'id': 'HougoDeLaVegaMissile', 'secret': 'SaTteliSaTioN', 'user': 'USER', 'password': 'PASSWORD'}}}
INFO       2020-08-17 10:41:38,747 | module : parsertemplate | line : 183 | method : parse | current loader : {"profile": null, "isrunnable": false, "package": {"name": "napoleontoolbox", "version": "2.5.0"}, "model_parameters": {"start_date": null, "end_date": null, "underlyings": null}}
INFO       2020-08-17 10:47:06,056 | module : reader | line : 31 | method : _read | reading current config : {'package': {'name': 'napoleontoolbox', 'version': '2.5.0'}, 'providers': {'bitmex': {'type': 'REST', 'id': 'KEY_BITMEX', 'secret': 'SECRET_BITMEX'}, 'binance': {'type': 'REST', 'id': 'KEY_BINANCE', 'secret': 'SECRET_BINANCE'}, 'dropbox': {'id': 'KEY_DROPBOX', 'secret': 'SECRET_DROPBOX'}, 'cryptocompare': {'id': 'KEY_CRYPTOCOMPARE', 'secret': 'SECRET_CRYPTOCOMPARE'}, 'napoleon_service': {'type': 'REST', 'access_token_uri': 'https://api.napbots.com/oauth/token', 'id': 'HougoDeLaVegaMissile', 'secret': 'SaTteliSaTioN', 'user': 'USER', 'password': 'PASSWORD'}}}
INFO       2020-08-17 10:47:06,057 | module : parsertemplate | line : 183 | method : parse | current loader : {"profile": null, "isrunnable": false, "package": {"name": "napoleontoolbox", "version": "2.5.0"}, "model_parameters": {"start_date": null, "end_date": null, "underlyings": null}}
INFO       2020-08-17 10:47:33,919 | module : reader | line : 31 | method : _read | reading current config : {'package': {'name': 'napoleontoolbox', 'version': '2.5.0'}, 'providers': {'bitmex': {'type': 'REST', 'id': 'KEY_BITMEX', 'secret': 'SECRET_BITMEX'}, 'binance': {'type': 'REST', 'id': 'KEY_BINANCE', 'secret': 'SECRET_BINANCE'}, 'dropbox': {'id': 'KEY_DROPBOX', 'secret': 'SECRET_DROPBOX'}, 'cryptocompare': {'id': 'KEY_CRYPTOCOMPARE', 'secret': 'SECRET_CRYPTOCOMPARE'}, 'napoleon_service': {'type': 'REST', 'access_token_uri': 'https://api.napbots.com/oauth/token', 'id': 'HougoDeLaVegaMissile', 'secret': 'SaTteliSaTioN', 'user': 'USER', 'password': 'PASSWORD'}}}
INFO       2020-08-17 10:47:33,920 | module : parsertemplate | line : 183 | method : parse | current loader : {"profile": null, "isrunnable": false, "package": {"name": "napoleontoolbox", "version": "2.5.0"}, "model_parameters": {"start_date": null, "end_date": null, "underlyings": null}}
INFO       2020-08-17 10:48:58,628 | module : reader | line : 31 | method : _read | reading current config : {'package': {'name': 'napoleontoolbox', 'version': '2.5.0'}, 'providers': {'bitmex': {'type': 'REST', 'id': 'KEY_BITMEX', 'secret': 'SECRET_BITMEX'}, 'binance': {'type': 'REST', 'id': 'KEY_BINANCE', 'secret': 'SECRET_BINANCE'}, 'dropbox': {'id': 'KEY_DROPBOX', 'secret': 'SECRET_DROPBOX'}, 'cryptocompare': {'id': 'KEY_CRYPTOCOMPARE', 'secret': 'SECRET_CRYPTOCOMPARE'}, 'napoleon_service': {'type': 'REST', 'access_token_uri': 'https://api.napbots.com/oauth/token', 'id': 'HougoDeLaVegaMissile', 'secret': 'SaTteliSaTioN', 'user': 'USER', 'password': 'PASSWORD'}}}
INFO       2020-08-17 10:48:58,629 | module : parsertemplate | line : 183 | method : parse | current loader : {"profile": null, "isrunnable": false, "package": {"name": "napoleontoolbox", "version": "2.5.0"}, "model_parameters": {"start_date": null, "end_date": null, "underlyings": null}}
INFO       2020-08-17 10:50:03,431 | module : reader | line : 31 | method : _read | reading current config : {'package': {'name': 'napoleontoolbox', 'version': '2.5.0'}, 'providers': {'bitmex': {'type': 'REST', 'id': 'KEY_BITMEX', 'secret': 'SECRET_BITMEX'}, 'binance': {'type': 'REST', 'id': 'KEY_BINANCE', 'secret': 'SECRET_BINANCE'}, 'dropbox': {'id': 'KEY_DROPBOX', 'secret': 'SECRET_DROPBOX'}, 'cryptocompare': {'id': 'KEY_CRYPTOCOMPARE', 'secret': 'SECRET_CRYPTOCOMPARE'}, 'napoleon_service': {'type': 'REST', 'access_token_uri': 'https://api.napbots.com/oauth/token', 'id': 'HougoDeLaVegaMissile', 'secret': 'SaTteliSaTioN', 'user': 'USER', 'password': 'PASSWORD'}}}
INFO       2020-08-17 10:50:03,432 | module : parsertemplate | line : 183 | method : parse | current loader : {"profile": null, "isrunnable": false, "package": {"name": "napoleontoolbox", "version": "2.5.0"}, "model_parameters": {"start_date": null, "end_date": null, "underlyings": null}}
INFO       2020-08-17 10:51:55,021 | module : reader | line : 31 | method : _read | reading current config : {'package': {'name': 'napoleontoolbox', 'version': '2.5.0'}, 'providers': {'bitmex': {'type': 'REST', 'id': 'KEY_BITMEX', 'secret': 'SECRET_BITMEX'}, 'binance': {'type': 'REST', 'id': 'KEY_BINANCE', 'secret': 'SECRET_BINANCE'}, 'dropbox': {'id': 'KEY_DROPBOX', 'secret': 'SECRET_DROPBOX'}, 'cryptocompare': {'id': 'KEY_CRYPTOCOMPARE', 'secret': 'SECRET_CRYPTOCOMPARE'}, 'napoleon_service': {'type': 'REST', 'access_token_uri': 'https://api.napbots.com/oauth/token', 'id': 'HougoDeLaVegaMissile', 'secret': 'SaTteliSaTioN', 'user': 'USER', 'password': 'PASSWORD'}}}
INFO       2020-08-17 10:51:55,021 | module : parsertemplate | line : 183 | method : parse | current loader : {"profile": null, "isrunnable": false, "package": {"name": "napoleontoolbox", "version": "2.5.0"}, "model_parameters": {"start_date": null, "end_date": null, "underlyings": null}}
DEBUG      2020-08-17 10:52:16,379 | module : connectionpool | line : 959 | method : _new_conn | Starting new HTTPS connection (1): www.bitmex.com:443
DEBUG      2020-08-17 10:52:16,598 | module : connectionpool | line : 437 | method : _make_request | https://www.bitmex.com:443 "GET /api/v1/orderBook/L2?symbol=xbt&depth=100000 HTTP/1.1" 200 None
DEBUG      2020-08-17 10:53:46,442 | module : connectionpool | line : 959 | method : _new_conn | Starting new HTTPS connection (1): www.bitmex.com:443
DEBUG      2020-08-17 10:53:46,644 | module : connectionpool | line : 437 | method : _make_request | https://www.bitmex.com:443 "GET /api/v1/orderBook/L2?symbol=xbt&depth=100000 HTTP/1.1" 200 None
INFO       2020-08-17 10:55:56,366 | module : __init__ | line : 71 | method : wrapper | target value in config :  providers.napoleon_service.id
INFO       2020-08-17 10:55:56,366 | module : __init__ | line : 71 | method : wrapper | target value in config :  providers.napoleon_service.secret
INFO       2020-08-17 10:55:56,367 | module : __init__ | line : 71 | method : wrapper | target value in config :  providers.napoleon_service.access_token_uri
INFO       2020-08-17 10:55:56,380 | module : __init__ | line : 71 | method : wrapper | target value in config :  providers.napoleon_service.id
INFO       2020-08-17 10:55:56,380 | module : __init__ | line : 71 | method : wrapper | target value in config :  providers.napoleon_service.secret
DEBUG      2020-08-17 10:59:04,341 | module : connectionpool | line : 959 | method : _new_conn | Starting new HTTPS connection (1): www.bitmex.com:443
DEBUG      2020-08-17 10:59:04,574 | module : connectionpool | line : 437 | method : _make_request | https://www.bitmex.com:443 "GET /api/v1/orderBook/L2?symbol=xbt&depth=100000 HTTP/1.1" 200 None
INFO       2020-08-17 11:32:11,135 | module : reader | line : 31 | method : _read | reading current config : {'package': {'name': 'napoleontoolbox', 'version': '2.5.0'}, 'providers': {'bitmex': {'type': 'REST', 'id': 'KEY_BITMEX', 'secret': 'SECRET_BITMEX'}, 'binance': {'type': 'REST', 'id': 'KEY_BINANCE', 'secret': 'SECRET_BINANCE'}, 'dropbox': {'id': 'KEY_DROPBOX', 'secret': 'SECRET_DROPBOX'}, 'cryptocompare': {'id': 'KEY_CRYPTOCOMPARE', 'secret': 'SECRET_CRYPTOCOMPARE'}, 'napoleon_service': {'type': 'REST', 'access_token_uri': 'https://api.napbots.com/oauth/token', 'id': 'HougoDeLaVegaMissile', 'secret': 'SaTteliSaTioN', 'user': 'USER', 'password': 'PASSWORD'}}}
INFO       2020-08-17 11:32:11,135 | module : parsertemplate | line : 183 | method : parse | current loader : {"profile": null, "isrunnable": false, "package": {"name": "napoleontoolbox", "version": "2.5.0"}, "model_parameters": {"start_date": null, "end_date": null, "underlyings": null}}
DEBUG      2020-08-17 11:33:07,841 | module : connectionpool | line : 959 | method : _new_conn | Starting new HTTPS connection (1): www.bitmex.com:443
DEBUG      2020-08-17 11:33:08,036 | module : connectionpool | line : 437 | method : _make_request | https://www.bitmex.com:443 "GET /api/v1/orderBook/L2?symbol=xbt&depth=100000 HTTP/1.1" 200 None
INFO       2020-08-17 11:33:21,137 | module : reader | line : 31 | method : _read | reading current config : {'package': {'name': 'napoleontoolbox', 'version': '2.5.0'}, 'providers': {'bitmex': {'type': 'REST', 'id': 'KEY_BITMEX', 'secret': 'SECRET_BITMEX'}, 'binance': {'type': 'REST', 'id': 'KEY_BINANCE', 'secret': 'SECRET_BINANCE'}, 'dropbox': {'id': 'KEY_DROPBOX', 'secret': 'SECRET_DROPBOX'}, 'cryptocompare': {'id': 'KEY_CRYPTOCOMPARE', 'secret': 'SECRET_CRYPTOCOMPARE'}, 'napoleon_service': {'type': 'REST', 'access_token_uri': 'https://api.napbots.com/oauth/token', 'id': 'HougoDeLaVegaMissile', 'secret': 'SaTteliSaTioN', 'user': 'USER', 'password': 'PASSWORD'}}}
INFO       2020-08-17 11:33:21,137 | module : parsertemplate | line : 183 | method : parse | current loader : {"profile": null, "isrunnable": false, "package": {"name": "napoleontoolbox", "version": "2.5.0"}, "model_parameters": {"start_date": null, "end_date": null, "underlyings": null}}
DEBUG      2020-08-17 11:33:26,135 | module : connectionpool | line : 959 | method : _new_conn | Starting new HTTPS connection (1): www.bitmex.com:443
DEBUG      2020-08-17 11:33:26,317 | module : connectionpool | line : 437 | method : _make_request | https://www.bitmex.com:443 "GET /api/v1/orderBook/L2?symbol=xbt&depth=100000 HTTP/1.1" 200 None
DEBUG      2020-08-17 11:34:22,067 | module : connectionpool | line : 959 | method : _new_conn | Starting new HTTPS connection (1): www.bitmex.com:443
DEBUG      2020-08-17 11:34:22,268 | module : connectionpool | line : 437 | method : _make_request | https://www.bitmex.com:443 "GET /api/v1/orderBook/L2?symbol=xbt&depth=100000 HTTP/1.1" 200 None
INFO       2020-08-17 11:35:33,934 | module : reader | line : 31 | method : _read | reading current config : {'package': {'name': 'napoleontoolbox', 'version': '2.5.0'}, 'providers': {'bitmex': {'type': 'REST', 'id': 'KEY_BITMEX', 'secret': 'SECRET_BITMEX'}, 'binance': {'type': 'REST', 'id': 'KEY_BINANCE', 'secret': 'SECRET_BINANCE'}, 'dropbox': {'id': 'KEY_DROPBOX', 'secret': 'SECRET_DROPBOX'}, 'cryptocompare': {'id': 'KEY_CRYPTOCOMPARE', 'secret': 'SECRET_CRYPTOCOMPARE'}, 'napoleon_service': {'type': 'REST', 'access_token_uri': 'https://api.napbots.com/oauth/token', 'id': 'HougoDeLaVegaMissile', 'secret': 'SaTteliSaTioN', 'user': 'USER', 'password': 'PASSWORD'}}}
INFO       2020-08-17 11:35:33,935 | module : parsertemplate | line : 183 | method : parse | current loader : {"profile": null, "isrunnable": false, "package": {"name": "napoleontoolbox", "version": "2.5.0"}, "model_parameters": {"start_date": null, "end_date": null, "underlyings": null}}
DEBUG      2020-08-17 11:35:46,898 | module : connectionpool | line : 959 | method : _new_conn | Starting new HTTPS connection (1): www.bitmex.com:443
DEBUG      2020-08-17 11:35:47,125 | module : connectionpool | line : 437 | method : _make_request | https://www.bitmex.com:443 "GET /api/v1/orderBook/L2?symbol=xbt&depth=100000 HTTP/1.1" 200 None
DEBUG      2020-08-17 11:35:51,945 | module : connectionpool | line : 959 | method : _new_conn | Starting new HTTPS connection (1): www.bitmex.com:443
DEBUG      2020-08-17 11:35:52,117 | module : connectionpool | line : 437 | method : _make_request | https://www.bitmex.com:443 "GET /api/v1/orderBook/L2?symbol=xbt&depth=100000 HTTP/1.1" 200 None
INFO       2020-08-17 11:38:19,037 | module : reader | line : 31 | method : _read | reading current config : {'package': {'name': 'napoleontoolbox', 'version': '2.5.0'}, 'providers': {'bitmex': {'type': 'REST', 'id': 'KEY_BITMEX', 'secret': 'SECRET_BITMEX'}, 'binance': {'type': 'REST', 'id': 'KEY_BINANCE', 'secret': 'SECRET_BINANCE'}, 'dropbox': {'id': 'KEY_DROPBOX', 'secret': 'SECRET_DROPBOX'}, 'cryptocompare': {'id': 'KEY_CRYPTOCOMPARE', 'secret': 'SECRET_CRYPTOCOMPARE'}, 'napoleon_service': {'type': 'REST', 'access_token_uri': 'https://api.napbots.com/oauth/token', 'id': 'HougoDeLaVegaMissile', 'secret': 'SaTteliSaTioN', 'user': 'USER', 'password': 'PASSWORD'}}}
INFO       2020-08-17 11:38:19,037 | module : parsertemplate | line : 183 | method : parse | current loader : {"profile": null, "isrunnable": false, "package": {"name": "napoleontoolbox", "version": "2.5.0"}, "model_parameters": {"start_date": null, "end_date": null, "underlyings": null}}
INFO       2020-08-17 11:38:19,038 | module : rest_template | line : 42 | method : wrappee | Api call rest
INFO       2020-08-17 11:38:19,039 | module : rest_template | line : 43 | method : wrappee | end_point : https://www.bitmex.com/api/v1/orderBook/L2?symbol=xbt&depth=100000
INFO       2020-08-17 11:38:19,039 | module : rest_template | line : 44 | method : wrappee | header None
DEBUG      2020-08-17 11:38:19,045 | module : connectionpool | line : 959 | method : _new_conn | Starting new HTTPS connection (1): www.bitmex.com:443
DEBUG      2020-08-17 11:38:19,246 | module : connectionpool | line : 437 | method : _make_request | https://www.bitmex.com:443 "GET /api/v1/orderBook/L2?symbol=xbt&depth=100000 HTTP/1.1" 200 None
INFO       2020-08-17 11:40:41,181 | module : reader | line : 31 | method : _read | reading current config : {'package': {'name': 'napoleontoolbox', 'version': '2.5.0'}, 'providers': {'bitmex': {'type': 'REST', 'id': 'KEY_BITMEX', 'secret': 'SECRET_BITMEX'}, 'binance': {'type': 'REST', 'id': 'KEY_BINANCE', 'secret': 'SECRET_BINANCE'}, 'dropbox': {'id': 'KEY_DROPBOX', 'secret': 'SECRET_DROPBOX'}, 'cryptocompare': {'id': 'KEY_CRYPTOCOMPARE', 'secret': 'SECRET_CRYPTOCOMPARE'}, 'napoleon_service': {'type': 'REST', 'access_token_uri': 'https://api.napbots.com/oauth/token', 'id': 'HougoDeLaVegaMissile', 'secret': 'SaTteliSaTioN', 'user': 'USER', 'password': 'PASSWORD'}}}
INFO       2020-08-17 11:40:41,182 | module : parsertemplate | line : 183 | method : parse | current loader : {"profile": null, "isrunnable": false, "package": {"name": "napoleontoolbox", "version": "2.5.0"}, "model_parameters": {"start_date": null, "end_date": null, "underlyings": null}}
INFO       2020-08-17 11:40:43,087 | module : rest_template | line : 43 | method : wrappee | Api call rest end_point : https://www.bitmex.com/api/v1/orderBook/L2?symbol=xbt&depth=100000
INFO       2020-08-17 11:40:43,087 | module : rest_template | line : 44 | method : wrappee | header None
DEBUG      2020-08-17 11:40:43,094 | module : connectionpool | line : 959 | method : _new_conn | Starting new HTTPS connection (1): www.bitmex.com:443
DEBUG      2020-08-17 11:40:43,285 | module : connectionpool | line : 437 | method : _make_request | https://www.bitmex.com:443 "GET /api/v1/orderBook/L2?symbol=xbt&depth=100000 HTTP/1.1" 200 None
